mode: set
github.com/beliaevke/simpleKeeper/client/main.go:9.13,13.37 2 0
github.com/beliaevke/simpleKeeper/client/main.go:13.37,15.3 1 0
github.com/beliaevke/simpleKeeper/client/app/app.go:38.26,44.2 1 0
github.com/beliaevke/simpleKeeper/client/app/app.go:46.35,50.16 2 0
github.com/beliaevke/simpleKeeper/client/app/app.go:50.16,52.3 1 0
github.com/beliaevke/simpleKeeper/client/app/app.go:53.2,65.16 6 0
github.com/beliaevke/simpleKeeper/client/app/app.go:65.16,67.3 1 0
github.com/beliaevke/simpleKeeper/client/app/app.go:68.2,82.12 7 0
github.com/beliaevke/simpleKeeper/client/app/app.go:82.12,85.3 2 0
github.com/beliaevke/simpleKeeper/client/app/app.go:88.2,88.6 1 0
github.com/beliaevke/simpleKeeper/client/app/app.go:88.6,89.10 1 0
github.com/beliaevke/simpleKeeper/client/app/app.go:90.34,92.14 2 0
github.com/beliaevke/simpleKeeper/client/app/app.go:93.11,98.107 3 0
github.com/beliaevke/simpleKeeper/client/app/app.go:98.107,101.5 2 0
github.com/beliaevke/simpleKeeper/client/app/app.go:102.4,102.21 1 0
github.com/beliaevke/simpleKeeper/client/app/client.go:44.45,48.16 3 0
github.com/beliaevke/simpleKeeper/client/app/client.go:48.16,50.3 1 0
github.com/beliaevke/simpleKeeper/client/app/client.go:51.2,51.36 1 0
github.com/beliaevke/simpleKeeper/client/app/client.go:51.36,54.3 1 0
github.com/beliaevke/simpleKeeper/client/app/client.go:56.2,64.16 4 0
github.com/beliaevke/simpleKeeper/client/app/client.go:64.16,67.3 2 0
github.com/beliaevke/simpleKeeper/client/app/client.go:67.8,67.34 1 0
github.com/beliaevke/simpleKeeper/client/app/client.go:67.34,70.3 2 0
github.com/beliaevke/simpleKeeper/client/app/client.go:72.2,77.16 5 0
github.com/beliaevke/simpleKeeper/client/app/client.go:77.16,80.3 2 0
github.com/beliaevke/simpleKeeper/client/app/client.go:82.2,87.21 3 0
github.com/beliaevke/simpleKeeper/client/app/client.go:90.50,94.16 3 0
github.com/beliaevke/simpleKeeper/client/app/client.go:94.16,97.3 2 0
github.com/beliaevke/simpleKeeper/client/app/client.go:97.8,97.25 1 0
github.com/beliaevke/simpleKeeper/client/app/client.go:97.25,100.3 2 0
github.com/beliaevke/simpleKeeper/client/app/client.go:102.2,105.16 3 0
github.com/beliaevke/simpleKeeper/client/app/client.go:105.16,108.3 2 0
github.com/beliaevke/simpleKeeper/client/app/client.go:110.2,111.16 2 0
github.com/beliaevke/simpleKeeper/client/app/client.go:111.16,114.3 2 0
github.com/beliaevke/simpleKeeper/client/app/client.go:116.2,121.21 3 0
github.com/beliaevke/simpleKeeper/client/app/client.go:124.48,135.16 5 0
github.com/beliaevke/simpleKeeper/client/app/client.go:135.16,138.3 2 0
github.com/beliaevke/simpleKeeper/client/app/client.go:138.8,138.33 1 0
github.com/beliaevke/simpleKeeper/client/app/client.go:138.33,141.3 2 0
github.com/beliaevke/simpleKeeper/client/app/client.go:143.2,148.16 5 0
github.com/beliaevke/simpleKeeper/client/app/client.go:148.16,151.3 2 0
github.com/beliaevke/simpleKeeper/client/app/client.go:153.2,155.21 2 0
github.com/beliaevke/simpleKeeper/client/app/client.go:158.85,162.16 3 0
github.com/beliaevke/simpleKeeper/client/app/client.go:162.16,165.3 2 0
github.com/beliaevke/simpleKeeper/client/app/client.go:168.2,169.16 2 0
github.com/beliaevke/simpleKeeper/client/app/client.go:169.16,172.3 2 0
github.com/beliaevke/simpleKeeper/client/app/client.go:174.2,175.16 2 0
github.com/beliaevke/simpleKeeper/client/app/client.go:175.16,178.3 2 0
github.com/beliaevke/simpleKeeper/client/app/client.go:180.2,201.16 7 0
github.com/beliaevke/simpleKeeper/client/app/client.go:201.16,204.3 2 0
github.com/beliaevke/simpleKeeper/client/app/client.go:204.8,204.28 1 0
github.com/beliaevke/simpleKeeper/client/app/client.go:204.28,207.3 2 0
github.com/beliaevke/simpleKeeper/client/app/client.go:209.2,209.21 1 0
github.com/beliaevke/simpleKeeper/client/app/client.go:212.75,216.16 3 0
github.com/beliaevke/simpleKeeper/client/app/client.go:216.16,219.3 2 0
github.com/beliaevke/simpleKeeper/client/app/client.go:222.2,223.16 2 0
github.com/beliaevke/simpleKeeper/client/app/client.go:223.16,226.3 2 0
github.com/beliaevke/simpleKeeper/client/app/client.go:228.2,229.16 2 0
github.com/beliaevke/simpleKeeper/client/app/client.go:229.16,232.3 2 0
github.com/beliaevke/simpleKeeper/client/app/client.go:234.2,255.16 7 0
github.com/beliaevke/simpleKeeper/client/app/client.go:255.16,258.3 2 0
github.com/beliaevke/simpleKeeper/client/app/client.go:258.8,258.28 1 0
github.com/beliaevke/simpleKeeper/client/app/client.go:258.28,261.3 2 0
github.com/beliaevke/simpleKeeper/client/app/client.go:263.2,263.21 1 0
github.com/beliaevke/simpleKeeper/client/app/client.go:266.77,270.16 3 0
github.com/beliaevke/simpleKeeper/client/app/client.go:270.16,273.3 2 0
github.com/beliaevke/simpleKeeper/client/app/client.go:276.2,277.16 2 0
github.com/beliaevke/simpleKeeper/client/app/client.go:277.16,280.3 2 0
github.com/beliaevke/simpleKeeper/client/app/client.go:282.2,283.16 2 0
github.com/beliaevke/simpleKeeper/client/app/client.go:283.16,286.3 2 0
github.com/beliaevke/simpleKeeper/client/app/client.go:288.2,309.16 7 0
github.com/beliaevke/simpleKeeper/client/app/client.go:309.16,312.3 2 0
github.com/beliaevke/simpleKeeper/client/app/client.go:312.8,312.28 1 0
github.com/beliaevke/simpleKeeper/client/app/client.go:312.28,315.3 2 0
github.com/beliaevke/simpleKeeper/client/app/client.go:317.2,317.21 1 0
github.com/beliaevke/simpleKeeper/client/app/client.go:320.61,323.16 2 0
github.com/beliaevke/simpleKeeper/client/app/client.go:323.16,325.3 1 0
github.com/beliaevke/simpleKeeper/client/app/client.go:326.2,326.36 1 0
github.com/beliaevke/simpleKeeper/client/app/client.go:326.36,329.3 1 0
github.com/beliaevke/simpleKeeper/client/app/client.go:331.2,337.16 4 0
github.com/beliaevke/simpleKeeper/client/app/client.go:337.16,339.3 1 0
github.com/beliaevke/simpleKeeper/client/app/client.go:342.2,343.16 2 0
github.com/beliaevke/simpleKeeper/client/app/client.go:343.16,345.3 1 0
github.com/beliaevke/simpleKeeper/client/app/client.go:348.2,349.16 2 0
github.com/beliaevke/simpleKeeper/client/app/client.go:349.16,351.3 1 0
github.com/beliaevke/simpleKeeper/client/app/client.go:354.2,355.16 2 0
github.com/beliaevke/simpleKeeper/client/app/client.go:355.16,357.3 1 0
github.com/beliaevke/simpleKeeper/client/app/client.go:359.2,359.23 1 0
github.com/beliaevke/simpleKeeper/client/app/client.go:362.66,366.16 3 0
github.com/beliaevke/simpleKeeper/client/app/client.go:366.16,368.3 1 0
github.com/beliaevke/simpleKeeper/client/app/client.go:371.2,372.16 2 0
github.com/beliaevke/simpleKeeper/client/app/client.go:372.16,374.3 1 0
github.com/beliaevke/simpleKeeper/client/app/client.go:377.2,378.16 2 0
github.com/beliaevke/simpleKeeper/client/app/client.go:378.16,380.3 1 0
github.com/beliaevke/simpleKeeper/client/app/client.go:383.2,384.16 2 0
github.com/beliaevke/simpleKeeper/client/app/client.go:384.16,386.3 1 0
github.com/beliaevke/simpleKeeper/client/app/client.go:388.2,388.23 1 0
github.com/beliaevke/simpleKeeper/client/app/client.go:391.62,404.16 5 0
github.com/beliaevke/simpleKeeper/client/app/client.go:404.16,407.3 2 0
github.com/beliaevke/simpleKeeper/client/app/client.go:407.8,407.33 1 0
github.com/beliaevke/simpleKeeper/client/app/client.go:407.33,410.3 2 0
github.com/beliaevke/simpleKeeper/client/app/client.go:412.2,412.30 1 0
github.com/beliaevke/simpleKeeper/client/app/client.go:415.60,419.16 3 0
github.com/beliaevke/simpleKeeper/client/app/client.go:419.16,421.3 1 0
github.com/beliaevke/simpleKeeper/client/app/client.go:422.2,422.36 1 0
github.com/beliaevke/simpleKeeper/client/app/client.go:422.36,425.3 1 0
github.com/beliaevke/simpleKeeper/client/app/client.go:427.2,434.16 4 0
github.com/beliaevke/simpleKeeper/client/app/client.go:434.16,437.3 2 0
github.com/beliaevke/simpleKeeper/client/app/client.go:439.2,440.39 2 0
github.com/beliaevke/simpleKeeper/client/app/client.go:440.39,441.19 1 0
github.com/beliaevke/simpleKeeper/client/app/client.go:442.16,443.39 1 0
github.com/beliaevke/simpleKeeper/client/app/client.go:444.17,445.40 1 0
github.com/beliaevke/simpleKeeper/client/app/client.go:446.18,447.41 1 0
github.com/beliaevke/simpleKeeper/client/app/client.go:448.15,449.38 1 0
github.com/beliaevke/simpleKeeper/client/app/client.go:450.11,451.12 1 0
github.com/beliaevke/simpleKeeper/client/app/client.go:453.3,453.58 1 0
github.com/beliaevke/simpleKeeper/client/app/client.go:456.2,461.25 5 0
github.com/beliaevke/simpleKeeper/client/app/client.go:464.65,469.16 4 0
github.com/beliaevke/simpleKeeper/client/app/client.go:469.16,471.3 1 0
github.com/beliaevke/simpleKeeper/client/app/client.go:473.2,474.30 2 0
github.com/beliaevke/simpleKeeper/client/app/client.go:474.30,475.19 1 0
github.com/beliaevke/simpleKeeper/client/app/client.go:476.16,477.39 1 0
github.com/beliaevke/simpleKeeper/client/app/client.go:478.17,479.40 1 0
github.com/beliaevke/simpleKeeper/client/app/client.go:480.18,481.41 1 0
github.com/beliaevke/simpleKeeper/client/app/client.go:482.15,483.38 1 0
github.com/beliaevke/simpleKeeper/client/app/client.go:484.11,485.12 1 0
github.com/beliaevke/simpleKeeper/client/app/client.go:487.3,487.58 1 0
github.com/beliaevke/simpleKeeper/client/app/client.go:490.2,495.25 5 0
github.com/beliaevke/simpleKeeper/client/app/forms.go:9.42,13.57 1 0
github.com/beliaevke/simpleKeeper/client/app/forms.go:13.57,15.4 1 0
github.com/beliaevke/simpleKeeper/client/app/forms.go:16.63,18.4 1 0
github.com/beliaevke/simpleKeeper/client/app/forms.go:19.29,20.46 1 0
github.com/beliaevke/simpleKeeper/client/app/forms.go:20.46,22.5 1 0
github.com/beliaevke/simpleKeeper/client/app/forms.go:22.10,24.5 1 0
github.com/beliaevke/simpleKeeper/client/app/forms.go:26.32,27.49 1 0
github.com/beliaevke/simpleKeeper/client/app/forms.go:27.49,29.5 1 0
github.com/beliaevke/simpleKeeper/client/app/forms.go:29.10,31.5 1 0
github.com/beliaevke/simpleKeeper/client/app/forms.go:33.28,35.4 1 0
github.com/beliaevke/simpleKeeper/client/app/forms.go:37.2,39.13 2 0
github.com/beliaevke/simpleKeeper/client/app/forms.go:42.46,53.34 2 0
github.com/beliaevke/simpleKeeper/client/app/forms.go:53.34,55.4 1 0
github.com/beliaevke/simpleKeeper/client/app/forms.go:56.36,58.4 1 0
github.com/beliaevke/simpleKeeper/client/app/forms.go:59.28,61.4 1 0
github.com/beliaevke/simpleKeeper/client/app/forms.go:63.2,65.13 2 0
github.com/beliaevke/simpleKeeper/client/app/forms.go:68.58,72.28 1 0
github.com/beliaevke/simpleKeeper/client/app/forms.go:72.28,74.4 1 0
github.com/beliaevke/simpleKeeper/client/app/forms.go:76.2,78.13 2 0
github.com/beliaevke/simpleKeeper/client/app/forms.go:81.47,86.118 2 0
github.com/beliaevke/simpleKeeper/client/app/forms.go:86.118,88.4 1 0
github.com/beliaevke/simpleKeeper/client/app/forms.go:89.28,90.22 1 0
github.com/beliaevke/simpleKeeper/client/app/forms.go:91.11,92.83 1 0
github.com/beliaevke/simpleKeeper/client/app/forms.go:93.11,94.77 1 0
github.com/beliaevke/simpleKeeper/client/app/forms.go:95.11,97.79 1 0
github.com/beliaevke/simpleKeeper/client/app/forms.go:98.11,99.83 1 0
github.com/beliaevke/simpleKeeper/client/app/forms.go:100.12,101.79 1 0
github.com/beliaevke/simpleKeeper/client/app/forms.go:104.28,106.4 1 0
github.com/beliaevke/simpleKeeper/client/app/forms.go:107.28,109.4 1 0
github.com/beliaevke/simpleKeeper/client/app/forms.go:111.2,113.13 2 0
github.com/beliaevke/simpleKeeper/client/app/forms.go:116.49,120.16 3 0
github.com/beliaevke/simpleKeeper/client/app/forms.go:120.16,122.3 1 0
github.com/beliaevke/simpleKeeper/client/app/forms.go:124.2,129.91 1 0
github.com/beliaevke/simpleKeeper/client/app/forms.go:129.91,131.4 1 0
github.com/beliaevke/simpleKeeper/client/app/forms.go:132.35,133.59 1 0
github.com/beliaevke/simpleKeeper/client/app/forms.go:133.59,135.5 1 0
github.com/beliaevke/simpleKeeper/client/app/forms.go:135.10,137.5 1 0
github.com/beliaevke/simpleKeeper/client/app/forms.go:139.28,141.4 1 0
github.com/beliaevke/simpleKeeper/client/app/forms.go:142.28,144.4 1 0
github.com/beliaevke/simpleKeeper/client/app/forms.go:146.2,148.13 2 0
github.com/beliaevke/simpleKeeper/client/app/forms.go:151.48,157.63 3 0
github.com/beliaevke/simpleKeeper/client/app/forms.go:157.63,159.4 1 0
github.com/beliaevke/simpleKeeper/client/app/forms.go:160.57,162.4 1 0
github.com/beliaevke/simpleKeeper/client/app/forms.go:163.60,165.4 1 0
github.com/beliaevke/simpleKeeper/client/app/forms.go:166.27,168.18 2 0
github.com/beliaevke/simpleKeeper/client/app/forms.go:168.18,171.5 2 0
github.com/beliaevke/simpleKeeper/client/app/forms.go:171.10,171.34 1 0
github.com/beliaevke/simpleKeeper/client/app/forms.go:171.34,174.5 2 0
github.com/beliaevke/simpleKeeper/client/app/forms.go:174.10,174.37 1 0
github.com/beliaevke/simpleKeeper/client/app/forms.go:174.37,177.5 2 0
github.com/beliaevke/simpleKeeper/client/app/forms.go:178.4,178.19 1 0
github.com/beliaevke/simpleKeeper/client/app/forms.go:178.19,180.5 1 0
github.com/beliaevke/simpleKeeper/client/app/forms.go:180.10,181.65 1 0
github.com/beliaevke/simpleKeeper/client/app/forms.go:181.65,183.6 1 0
github.com/beliaevke/simpleKeeper/client/app/forms.go:183.11,185.6 1 0
github.com/beliaevke/simpleKeeper/client/app/forms.go:188.28,190.4 1 0
github.com/beliaevke/simpleKeeper/client/app/forms.go:191.28,193.4 1 0
github.com/beliaevke/simpleKeeper/client/app/forms.go:195.2,197.13 2 0
github.com/beliaevke/simpleKeeper/client/app/forms.go:200.45,206.63 3 0
github.com/beliaevke/simpleKeeper/client/app/forms.go:206.63,208.4 1 0
github.com/beliaevke/simpleKeeper/client/app/forms.go:209.56,211.4 1 0
github.com/beliaevke/simpleKeeper/client/app/forms.go:212.27,214.18 2 0
github.com/beliaevke/simpleKeeper/client/app/forms.go:214.18,217.5 2 0
github.com/beliaevke/simpleKeeper/client/app/forms.go:217.10,217.29 1 0
github.com/beliaevke/simpleKeeper/client/app/forms.go:217.29,220.5 2 0
github.com/beliaevke/simpleKeeper/client/app/forms.go:221.4,221.19 1 0
github.com/beliaevke/simpleKeeper/client/app/forms.go:221.19,223.5 1 0
github.com/beliaevke/simpleKeeper/client/app/forms.go:223.10,224.58 1 0
github.com/beliaevke/simpleKeeper/client/app/forms.go:224.58,226.6 1 0
github.com/beliaevke/simpleKeeper/client/app/forms.go:226.11,228.6 1 0
github.com/beliaevke/simpleKeeper/client/app/forms.go:231.28,233.4 1 0
github.com/beliaevke/simpleKeeper/client/app/forms.go:234.28,236.4 1 0
github.com/beliaevke/simpleKeeper/client/app/forms.go:238.2,240.13 2 0
github.com/beliaevke/simpleKeeper/client/app/forms.go:243.50,249.63 3 0
github.com/beliaevke/simpleKeeper/client/app/forms.go:249.63,251.4 1 0
github.com/beliaevke/simpleKeeper/client/app/forms.go:252.58,254.4 1 0
github.com/beliaevke/simpleKeeper/client/app/forms.go:255.58,257.4 1 0
github.com/beliaevke/simpleKeeper/client/app/forms.go:258.63,260.4 1 0
github.com/beliaevke/simpleKeeper/client/app/forms.go:261.65,263.4 1 0
github.com/beliaevke/simpleKeeper/client/app/forms.go:264.27,266.18 2 0
github.com/beliaevke/simpleKeeper/client/app/forms.go:266.18,269.5 2 0
github.com/beliaevke/simpleKeeper/client/app/forms.go:269.10,269.33 1 0
github.com/beliaevke/simpleKeeper/client/app/forms.go:269.33,272.5 2 0
github.com/beliaevke/simpleKeeper/client/app/forms.go:272.10,272.33 1 0
github.com/beliaevke/simpleKeeper/client/app/forms.go:272.33,275.5 2 0
github.com/beliaevke/simpleKeeper/client/app/forms.go:275.10,275.37 1 0
github.com/beliaevke/simpleKeeper/client/app/forms.go:275.37,278.5 2 0
github.com/beliaevke/simpleKeeper/client/app/forms.go:279.4,279.19 1 0
github.com/beliaevke/simpleKeeper/client/app/forms.go:279.19,281.5 1 0
github.com/beliaevke/simpleKeeper/client/app/forms.go:281.10,282.61 1 0
github.com/beliaevke/simpleKeeper/client/app/forms.go:282.61,284.6 1 0
github.com/beliaevke/simpleKeeper/client/app/forms.go:284.11,286.6 1 0
github.com/beliaevke/simpleKeeper/client/app/forms.go:289.28,291.4 1 0
github.com/beliaevke/simpleKeeper/client/app/forms.go:292.28,294.4 1 0
github.com/beliaevke/simpleKeeper/client/app/forms.go:296.2,298.13 2 0
github.com/beliaevke/simpleKeeper/client/app/forms.go:301.77,304.16 2 0
github.com/beliaevke/simpleKeeper/client/app/forms.go:304.16,306.3 1 0
github.com/beliaevke/simpleKeeper/client/app/forms.go:308.2,311.28 1 0
github.com/beliaevke/simpleKeeper/client/app/forms.go:311.28,313.4 1 0
github.com/beliaevke/simpleKeeper/client/app/forms.go:314.41,315.54 1 0
github.com/beliaevke/simpleKeeper/client/app/forms.go:315.54,317.5 1 0
github.com/beliaevke/simpleKeeper/client/app/forms.go:317.10,319.5 1 0
github.com/beliaevke/simpleKeeper/client/app/forms.go:321.28,323.4 1 0
github.com/beliaevke/simpleKeeper/client/app/forms.go:325.2,327.13 2 0
github.com/beliaevke/simpleKeeper/client/app/forms.go:330.61,334.33 1 0
github.com/beliaevke/simpleKeeper/client/app/forms.go:334.33,336.4 1 0
github.com/beliaevke/simpleKeeper/client/app/forms.go:337.28,339.4 1 0
github.com/beliaevke/simpleKeeper/client/app/forms.go:341.2,343.13 2 0
github.com/beliaevke/simpleKeeper/client/app/forms.go:346.82,350.33 1 0
github.com/beliaevke/simpleKeeper/client/app/forms.go:350.33,352.4 1 0
github.com/beliaevke/simpleKeeper/client/app/forms.go:353.28,355.4 1 0
github.com/beliaevke/simpleKeeper/client/app/forms.go:357.2,359.13 2 0
github.com/beliaevke/simpleKeeper/client/config/flags.go:22.30,26.39 2 0
github.com/beliaevke/simpleKeeper/client/config/flags.go:26.39,28.3 1 0
github.com/beliaevke/simpleKeeper/client/config/flags.go:32.2,46.57 6 0
github.com/beliaevke/simpleKeeper/client/config/flags.go:46.57,48.3 1 0
github.com/beliaevke/simpleKeeper/client/config/flags.go:49.2,49.57 1 0
github.com/beliaevke/simpleKeeper/client/config/flags.go:49.57,51.3 1 0
github.com/beliaevke/simpleKeeper/client/config/flags.go:52.2,52.55 1 0
github.com/beliaevke/simpleKeeper/client/config/flags.go:52.55,54.3 1 0
github.com/beliaevke/simpleKeeper/client/config/flags.go:56.2,56.13 1 0
github.com/beliaevke/simpleKeeper/client/models/bcard.go:18.34,20.2 1 0
github.com/beliaevke/simpleKeeper/client/models/bcard.go:23.32,26.2 1 0
github.com/beliaevke/simpleKeeper/client/models/binary.go:11.35,13.2 1 0
github.com/beliaevke/simpleKeeper/client/models/binary.go:16.33,18.2 1 0
github.com/beliaevke/simpleKeeper/client/models/logpass.go:14.36,16.2 1 0
github.com/beliaevke/simpleKeeper/client/models/logpass.go:19.34,21.2 1 0
github.com/beliaevke/simpleKeeper/client/models/secret.go:32.48,34.57 2 0
github.com/beliaevke/simpleKeeper/client/models/secret.go:34.57,36.3 1 0
github.com/beliaevke/simpleKeeper/client/models/secret.go:38.2,38.16 1 0
github.com/beliaevke/simpleKeeper/client/models/secret.go:39.25,41.58 2 0
github.com/beliaevke/simpleKeeper/client/models/secret.go:41.58,43.4 1 0
github.com/beliaevke/simpleKeeper/client/models/secret.go:44.3,44.22 1 0
github.com/beliaevke/simpleKeeper/client/models/secret.go:45.22,47.55 2 0
github.com/beliaevke/simpleKeeper/client/models/secret.go:47.55,49.4 1 0
github.com/beliaevke/simpleKeeper/client/models/secret.go:50.3,50.19 1 0
github.com/beliaevke/simpleKeeper/client/models/secret.go:51.24,53.57 2 0
github.com/beliaevke/simpleKeeper/client/models/secret.go:53.57,55.4 1 0
github.com/beliaevke/simpleKeeper/client/models/secret.go:56.3,56.21 1 0
github.com/beliaevke/simpleKeeper/client/models/secret.go:57.23,59.56 2 0
github.com/beliaevke/simpleKeeper/client/models/secret.go:59.56,61.4 1 0
github.com/beliaevke/simpleKeeper/client/models/secret.go:62.3,62.20 1 0
github.com/beliaevke/simpleKeeper/client/models/secret.go:63.10,64.48 1 0
github.com/beliaevke/simpleKeeper/client/models/secret.go:69.50,71.16 2 0
github.com/beliaevke/simpleKeeper/client/models/secret.go:71.16,73.3 1 0
github.com/beliaevke/simpleKeeper/client/models/secret.go:74.2,78.29 2 0
github.com/beliaevke/simpleKeeper/client/models/text.go:13.33,15.2 1 0
github.com/beliaevke/simpleKeeper/client/models/text.go:18.31,20.2 1 0
github.com/beliaevke/simpleKeeper/internal/crypt/cryptokeys/main.go:20.13,31.16 3 0
github.com/beliaevke/simpleKeeper/internal/crypt/cryptokeys/main.go:31.16,34.3 2 0
github.com/beliaevke/simpleKeeper/internal/crypt/cryptokeys/main.go:37.2,41.16 3 0
github.com/beliaevke/simpleKeeper/internal/crypt/cryptokeys/main.go:41.16,44.3 2 0
github.com/beliaevke/simpleKeeper/internal/crypt/cryptokeys/main.go:47.2,51.16 3 0
github.com/beliaevke/simpleKeeper/internal/crypt/cryptokeys/main.go:51.16,54.3 2 0
github.com/beliaevke/simpleKeeper/internal/crypt/cryptokeys/main.go:57.2,64.16 3 0
github.com/beliaevke/simpleKeeper/internal/crypt/cryptokeys/main.go:64.16,67.3 2 0
github.com/beliaevke/simpleKeeper/internal/crypt/cryptokeys/main.go:68.2,69.16 2 0
github.com/beliaevke/simpleKeeper/internal/crypt/cryptokeys/main.go:69.16,72.3 2 0
github.com/beliaevke/simpleKeeper/internal/crypt/cryptokeys/main.go:74.2,74.133 1 0
github.com/beliaevke/simpleKeeper/internal/crypt/crypt.go:27.42,54.16 3 0
github.com/beliaevke/simpleKeeper/internal/crypt/crypt.go:54.16,56.3 1 0
github.com/beliaevke/simpleKeeper/internal/crypt/crypt.go:59.2,60.16 2 0
github.com/beliaevke/simpleKeeper/internal/crypt/crypt.go:60.16,62.3 1 0
github.com/beliaevke/simpleKeeper/internal/crypt/crypt.go:66.2,71.16 3 0
github.com/beliaevke/simpleKeeper/internal/crypt/crypt.go:71.16,73.3 1 0
github.com/beliaevke/simpleKeeper/internal/crypt/crypt.go:75.2,76.16 2 0
github.com/beliaevke/simpleKeeper/internal/crypt/crypt.go:76.16,78.3 1 0
github.com/beliaevke/simpleKeeper/internal/crypt/crypt.go:80.2,85.16 3 0
github.com/beliaevke/simpleKeeper/internal/crypt/crypt.go:85.16,87.3 1 0
github.com/beliaevke/simpleKeeper/internal/crypt/crypt.go:89.2,90.16 2 0
github.com/beliaevke/simpleKeeper/internal/crypt/crypt.go:90.16,92.3 1 0
github.com/beliaevke/simpleKeeper/internal/crypt/crypt.go:94.2,94.12 1 0
github.com/beliaevke/simpleKeeper/internal/crypt/crypt.go:97.63,99.16 2 0
github.com/beliaevke/simpleKeeper/internal/crypt/crypt.go:99.16,101.3 1 0
github.com/beliaevke/simpleKeeper/internal/crypt/crypt.go:103.2,104.16 2 0
github.com/beliaevke/simpleKeeper/internal/crypt/crypt.go:104.16,106.3 1 0
github.com/beliaevke/simpleKeeper/internal/crypt/crypt.go:108.2,109.16 2 0
github.com/beliaevke/simpleKeeper/internal/crypt/crypt.go:109.16,111.3 1 0
github.com/beliaevke/simpleKeeper/internal/crypt/crypt.go:113.2,113.39 1 0
github.com/beliaevke/simpleKeeper/internal/crypt/crypt.go:116.71,123.16 5 0
github.com/beliaevke/simpleKeeper/internal/crypt/crypt.go:123.16,125.3 1 0
github.com/beliaevke/simpleKeeper/internal/crypt/crypt.go:127.2,127.45 1 0
github.com/beliaevke/simpleKeeper/internal/crypt/crypt.go:130.46,139.2 1 0
github.com/beliaevke/simpleKeeper/internal/crypt/crypt.go:141.71,143.16 2 0
github.com/beliaevke/simpleKeeper/internal/crypt/crypt.go:143.16,145.3 1 0
github.com/beliaevke/simpleKeeper/internal/crypt/crypt.go:147.2,148.16 2 0
github.com/beliaevke/simpleKeeper/internal/crypt/crypt.go:148.16,150.3 1 0
github.com/beliaevke/simpleKeeper/internal/crypt/crypt.go:152.2,158.34 2 0
github.com/beliaevke/simpleKeeper/internal/crypt/crypt.go:161.73,168.16 5 0
github.com/beliaevke/simpleKeeper/internal/crypt/crypt.go:168.16,170.3 1 0
github.com/beliaevke/simpleKeeper/internal/crypt/crypt.go:172.2,172.24 1 0
github.com/beliaevke/simpleKeeper/internal/crypt/crypt.go:175.56,178.14 2 0
github.com/beliaevke/simpleKeeper/internal/crypt/crypt.go:178.14,180.3 1 0
github.com/beliaevke/simpleKeeper/internal/crypt/crypt.go:182.2,182.16 1 0
github.com/beliaevke/simpleKeeper/internal/crypt/crypt.go:185.75,192.16 4 0
github.com/beliaevke/simpleKeeper/internal/crypt/crypt.go:192.16,193.21 1 0
github.com/beliaevke/simpleKeeper/internal/crypt/crypt.go:196.2,197.16 2 0
github.com/beliaevke/simpleKeeper/internal/crypt/crypt.go:197.16,198.21 1 0
github.com/beliaevke/simpleKeeper/internal/crypt/crypt.go:201.2,202.58 2 0
github.com/beliaevke/simpleKeeper/internal/crypt/crypt.go:202.58,203.21 1 0
github.com/beliaevke/simpleKeeper/internal/crypt/crypt.go:206.2,207.43 2 0
github.com/beliaevke/simpleKeeper/internal/crypt/crypt.go:210.75,215.16 4 0
github.com/beliaevke/simpleKeeper/internal/crypt/crypt.go:215.16,216.21 1 0
github.com/beliaevke/simpleKeeper/internal/crypt/crypt.go:219.2,220.16 2 0
github.com/beliaevke/simpleKeeper/internal/crypt/crypt.go:220.16,221.21 1 0
github.com/beliaevke/simpleKeeper/internal/crypt/crypt.go:224.2,229.16 4 0
github.com/beliaevke/simpleKeeper/internal/crypt/crypt.go:229.16,230.21 1 0
github.com/beliaevke/simpleKeeper/internal/crypt/crypt.go:233.2,233.42 1 0
github.com/beliaevke/simpleKeeper/internal/db/postgres/postgres.go:18.70,20.16 2 0
github.com/beliaevke/simpleKeeper/internal/db/postgres/postgres.go:20.16,22.3 1 0
github.com/beliaevke/simpleKeeper/internal/db/postgres/postgres.go:23.2,23.67 1 0
github.com/beliaevke/simpleKeeper/internal/db/migrations/migrations.go:18.61,20.31 1 0
github.com/beliaevke/simpleKeeper/internal/db/migrations/migrations.go:20.31,24.3 3 0
github.com/beliaevke/simpleKeeper/internal/db/migrations/migrations.go:26.2,27.16 2 0
github.com/beliaevke/simpleKeeper/internal/db/migrations/migrations.go:27.16,29.3 1 0
github.com/beliaevke/simpleKeeper/internal/db/migrations/migrations.go:30.2,30.15 1 0
github.com/beliaevke/simpleKeeper/internal/db/migrations/migrations.go:30.15,31.36 1 0
github.com/beliaevke/simpleKeeper/internal/db/migrations/migrations.go:31.36,33.4 1 0
github.com/beliaevke/simpleKeeper/internal/db/migrations/migrations.go:36.2,39.56 4 0
github.com/beliaevke/simpleKeeper/internal/db/migrations/migrations.go:39.56,41.3 1 0
github.com/beliaevke/simpleKeeper/internal/db/migrations/migrations.go:43.2,43.12 1 0
github.com/beliaevke/simpleKeeper/internal/logger/logger.go:25.62,30.2 3 0
github.com/beliaevke/simpleKeeper/internal/logger/logger.go:32.61,36.2 2 0
github.com/beliaevke/simpleKeeper/internal/logger/logger.go:40.47,41.56 1 0
github.com/beliaevke/simpleKeeper/internal/logger/logger.go:41.56,45.17 2 0
github.com/beliaevke/simpleKeeper/internal/logger/logger.go:45.17,48.4 1 0
github.com/beliaevke/simpleKeeper/internal/logger/logger.go:49.3,68.33 8 0
github.com/beliaevke/simpleKeeper/internal/logger/logger.go:68.33,76.4 1 0
github.com/beliaevke/simpleKeeper/internal/logger/logger.go:76.9,83.4 1 0
github.com/beliaevke/simpleKeeper/internal/logger/logger.go:86.2,86.32 1 0
github.com/beliaevke/simpleKeeper/internal/logger/logger.go:89.40,92.16 2 0
github.com/beliaevke/simpleKeeper/internal/logger/logger.go:92.16,95.3 1 0
github.com/beliaevke/simpleKeeper/internal/logger/logger.go:98.2,104.46 3 0
github.com/beliaevke/simpleKeeper/internal/logger/logger.go:107.22,110.16 2 0
github.com/beliaevke/simpleKeeper/internal/logger/logger.go:110.16,113.3 1 0
github.com/beliaevke/simpleKeeper/internal/logger/logger.go:116.2,122.22 3 0
github.com/beliaevke/simpleKeeper/internal/logger/logger.go:125.22,128.16 2 0
github.com/beliaevke/simpleKeeper/internal/logger/logger.go:128.16,131.3 1 0
github.com/beliaevke/simpleKeeper/internal/logger/logger.go:134.2,140.22 3 0
github.com/beliaevke/simpleKeeper/internal/proto/keeper.pb.go:29.31,34.2 4 0
github.com/beliaevke/simpleKeeper/internal/proto/keeper.pb.go:36.39,38.2 1 0
github.com/beliaevke/simpleKeeper/internal/proto/keeper.pb.go:40.37,40.38 0 0
github.com/beliaevke/simpleKeeper/internal/proto/keeper.pb.go:42.59,44.14 2 0
github.com/beliaevke/simpleKeeper/internal/proto/keeper.pb.go:44.14,46.34 2 0
github.com/beliaevke/simpleKeeper/internal/proto/keeper.pb.go:46.34,48.4 1 0
github.com/beliaevke/simpleKeeper/internal/proto/keeper.pb.go:49.3,49.12 1 0
github.com/beliaevke/simpleKeeper/internal/proto/keeper.pb.go:51.2,51.24 1 0
github.com/beliaevke/simpleKeeper/internal/proto/keeper.pb.go:55.50,57.2 1 0
github.com/beliaevke/simpleKeeper/internal/proto/keeper.pb.go:67.32,72.2 4 0
github.com/beliaevke/simpleKeeper/internal/proto/keeper.pb.go:74.40,76.2 1 0
github.com/beliaevke/simpleKeeper/internal/proto/keeper.pb.go:78.38,78.39 0 0
github.com/beliaevke/simpleKeeper/internal/proto/keeper.pb.go:80.60,82.14 2 0
github.com/beliaevke/simpleKeeper/internal/proto/keeper.pb.go:82.14,84.34 2 0
github.com/beliaevke/simpleKeeper/internal/proto/keeper.pb.go:84.34,86.4 1 0
github.com/beliaevke/simpleKeeper/internal/proto/keeper.pb.go:87.3,87.12 1 0
github.com/beliaevke/simpleKeeper/internal/proto/keeper.pb.go:89.2,89.24 1 0
github.com/beliaevke/simpleKeeper/internal/proto/keeper.pb.go:93.51,95.2 1 0
github.com/beliaevke/simpleKeeper/internal/proto/keeper.pb.go:97.44,98.14 1 0
github.com/beliaevke/simpleKeeper/internal/proto/keeper.pb.go:98.14,100.3 1 0
github.com/beliaevke/simpleKeeper/internal/proto/keeper.pb.go:101.2,101.14 1 0
github.com/beliaevke/simpleKeeper/internal/proto/keeper.pb.go:114.35,119.2 4 0
github.com/beliaevke/simpleKeeper/internal/proto/keeper.pb.go:121.43,123.2 1 0
github.com/beliaevke/simpleKeeper/internal/proto/keeper.pb.go:125.41,125.42 0 0
github.com/beliaevke/simpleKeeper/internal/proto/keeper.pb.go:127.63,129.14 2 0
github.com/beliaevke/simpleKeeper/internal/proto/keeper.pb.go:129.14,131.34 2 0
github.com/beliaevke/simpleKeeper/internal/proto/keeper.pb.go:131.34,133.4 1 0
github.com/beliaevke/simpleKeeper/internal/proto/keeper.pb.go:134.3,134.12 1 0
github.com/beliaevke/simpleKeeper/internal/proto/keeper.pb.go:136.2,136.24 1 0
github.com/beliaevke/simpleKeeper/internal/proto/keeper.pb.go:140.54,142.2 1 0
github.com/beliaevke/simpleKeeper/internal/proto/keeper.pb.go:144.45,145.14 1 0
github.com/beliaevke/simpleKeeper/internal/proto/keeper.pb.go:145.14,147.3 1 0
github.com/beliaevke/simpleKeeper/internal/proto/keeper.pb.go:148.2,148.11 1 0
github.com/beliaevke/simpleKeeper/internal/proto/keeper.pb.go:151.48,152.14 1 0
github.com/beliaevke/simpleKeeper/internal/proto/keeper.pb.go:152.14,154.3 1 0
github.com/beliaevke/simpleKeeper/internal/proto/keeper.pb.go:155.2,155.11 1 0
github.com/beliaevke/simpleKeeper/internal/proto/keeper.pb.go:169.36,174.2 4 0
github.com/beliaevke/simpleKeeper/internal/proto/keeper.pb.go:176.44,178.2 1 0
github.com/beliaevke/simpleKeeper/internal/proto/keeper.pb.go:180.42,180.43 0 0
github.com/beliaevke/simpleKeeper/internal/proto/keeper.pb.go:182.64,184.14 2 0
github.com/beliaevke/simpleKeeper/internal/proto/keeper.pb.go:184.14,186.34 2 0
github.com/beliaevke/simpleKeeper/internal/proto/keeper.pb.go:186.34,188.4 1 0
github.com/beliaevke/simpleKeeper/internal/proto/keeper.pb.go:189.3,189.12 1 0
github.com/beliaevke/simpleKeeper/internal/proto/keeper.pb.go:191.2,191.24 1 0
github.com/beliaevke/simpleKeeper/internal/proto/keeper.pb.go:195.55,197.2 1 0
github.com/beliaevke/simpleKeeper/internal/proto/keeper.pb.go:199.46,200.14 1 0
github.com/beliaevke/simpleKeeper/internal/proto/keeper.pb.go:200.14,202.3 1 0
github.com/beliaevke/simpleKeeper/internal/proto/keeper.pb.go:203.2,203.10 1 0
github.com/beliaevke/simpleKeeper/internal/proto/keeper.pb.go:206.46,207.14 1 0
github.com/beliaevke/simpleKeeper/internal/proto/keeper.pb.go:207.14,209.3 1 0
github.com/beliaevke/simpleKeeper/internal/proto/keeper.pb.go:210.2,210.11 1 0
github.com/beliaevke/simpleKeeper/internal/proto/keeper.pb.go:213.44,214.14 1 0
github.com/beliaevke/simpleKeeper/internal/proto/keeper.pb.go:214.14,216.3 1 0
github.com/beliaevke/simpleKeeper/internal/proto/keeper.pb.go:217.2,217.11 1 0
github.com/beliaevke/simpleKeeper/internal/proto/keeper.pb.go:220.46,221.14 1 0
github.com/beliaevke/simpleKeeper/internal/proto/keeper.pb.go:221.14,223.3 1 0
github.com/beliaevke/simpleKeeper/internal/proto/keeper.pb.go:224.2,224.11 1 0
github.com/beliaevke/simpleKeeper/internal/proto/keeper.pb.go:236.32,241.2 4 0
github.com/beliaevke/simpleKeeper/internal/proto/keeper.pb.go:243.40,245.2 1 0
github.com/beliaevke/simpleKeeper/internal/proto/keeper.pb.go:247.38,247.39 0 0
github.com/beliaevke/simpleKeeper/internal/proto/keeper.pb.go:249.60,251.14 2 0
github.com/beliaevke/simpleKeeper/internal/proto/keeper.pb.go:251.14,253.34 2 0
github.com/beliaevke/simpleKeeper/internal/proto/keeper.pb.go:253.34,255.4 1 0
github.com/beliaevke/simpleKeeper/internal/proto/keeper.pb.go:256.3,256.12 1 0
github.com/beliaevke/simpleKeeper/internal/proto/keeper.pb.go:258.2,258.24 1 0
github.com/beliaevke/simpleKeeper/internal/proto/keeper.pb.go:262.51,264.2 1 0
github.com/beliaevke/simpleKeeper/internal/proto/keeper.pb.go:266.42,267.14 1 0
github.com/beliaevke/simpleKeeper/internal/proto/keeper.pb.go:267.14,269.3 1 0
github.com/beliaevke/simpleKeeper/internal/proto/keeper.pb.go:270.2,270.11 1 0
github.com/beliaevke/simpleKeeper/internal/proto/keeper.pb.go:273.45,274.14 1 0
github.com/beliaevke/simpleKeeper/internal/proto/keeper.pb.go:274.14,276.3 1 0
github.com/beliaevke/simpleKeeper/internal/proto/keeper.pb.go:277.2,277.11 1 0
github.com/beliaevke/simpleKeeper/internal/proto/keeper.pb.go:291.33,296.2 4 0
github.com/beliaevke/simpleKeeper/internal/proto/keeper.pb.go:298.41,300.2 1 0
github.com/beliaevke/simpleKeeper/internal/proto/keeper.pb.go:302.39,302.40 0 0
github.com/beliaevke/simpleKeeper/internal/proto/keeper.pb.go:304.61,306.14 2 0
github.com/beliaevke/simpleKeeper/internal/proto/keeper.pb.go:306.14,308.34 2 0
github.com/beliaevke/simpleKeeper/internal/proto/keeper.pb.go:308.34,310.4 1 0
github.com/beliaevke/simpleKeeper/internal/proto/keeper.pb.go:311.3,311.12 1 0
github.com/beliaevke/simpleKeeper/internal/proto/keeper.pb.go:313.2,313.24 1 0
github.com/beliaevke/simpleKeeper/internal/proto/keeper.pb.go:317.52,319.2 1 0
github.com/beliaevke/simpleKeeper/internal/proto/keeper.pb.go:321.43,322.14 1 0
github.com/beliaevke/simpleKeeper/internal/proto/keeper.pb.go:322.14,324.3 1 0
github.com/beliaevke/simpleKeeper/internal/proto/keeper.pb.go:325.2,325.10 1 0
github.com/beliaevke/simpleKeeper/internal/proto/keeper.pb.go:328.43,329.14 1 0
github.com/beliaevke/simpleKeeper/internal/proto/keeper.pb.go:329.14,331.3 1 0
github.com/beliaevke/simpleKeeper/internal/proto/keeper.pb.go:332.2,332.11 1 0
github.com/beliaevke/simpleKeeper/internal/proto/keeper.pb.go:335.41,336.14 1 0
github.com/beliaevke/simpleKeeper/internal/proto/keeper.pb.go:336.14,338.3 1 0
github.com/beliaevke/simpleKeeper/internal/proto/keeper.pb.go:339.2,339.11 1 0
github.com/beliaevke/simpleKeeper/internal/proto/keeper.pb.go:342.44,343.14 1 0
github.com/beliaevke/simpleKeeper/internal/proto/keeper.pb.go:343.14,345.3 1 0
github.com/beliaevke/simpleKeeper/internal/proto/keeper.pb.go:346.2,346.11 1 0
github.com/beliaevke/simpleKeeper/internal/proto/keeper.pb.go:361.39,366.2 4 0
github.com/beliaevke/simpleKeeper/internal/proto/keeper.pb.go:368.47,370.2 1 0
github.com/beliaevke/simpleKeeper/internal/proto/keeper.pb.go:372.45,372.46 0 0
github.com/beliaevke/simpleKeeper/internal/proto/keeper.pb.go:374.67,376.14 2 0
github.com/beliaevke/simpleKeeper/internal/proto/keeper.pb.go:376.14,378.34 2 0
github.com/beliaevke/simpleKeeper/internal/proto/keeper.pb.go:378.34,380.4 1 0
github.com/beliaevke/simpleKeeper/internal/proto/keeper.pb.go:381.3,381.12 1 0
github.com/beliaevke/simpleKeeper/internal/proto/keeper.pb.go:383.2,383.24 1 0
github.com/beliaevke/simpleKeeper/internal/proto/keeper.pb.go:387.58,389.2 1 0
github.com/beliaevke/simpleKeeper/internal/proto/keeper.pb.go:391.48,392.14 1 0
github.com/beliaevke/simpleKeeper/internal/proto/keeper.pb.go:392.14,394.3 1 0
github.com/beliaevke/simpleKeeper/internal/proto/keeper.pb.go:395.2,395.11 1 0
github.com/beliaevke/simpleKeeper/internal/proto/keeper.pb.go:398.48,399.14 1 0
github.com/beliaevke/simpleKeeper/internal/proto/keeper.pb.go:399.14,401.3 1 0
github.com/beliaevke/simpleKeeper/internal/proto/keeper.pb.go:402.2,402.11 1 0
github.com/beliaevke/simpleKeeper/internal/proto/keeper.pb.go:405.51,406.14 1 0
github.com/beliaevke/simpleKeeper/internal/proto/keeper.pb.go:406.14,408.3 1 0
github.com/beliaevke/simpleKeeper/internal/proto/keeper.pb.go:409.2,409.12 1 0
github.com/beliaevke/simpleKeeper/internal/proto/keeper.pb.go:412.49,413.14 1 0
github.com/beliaevke/simpleKeeper/internal/proto/keeper.pb.go:413.14,415.3 1 0
github.com/beliaevke/simpleKeeper/internal/proto/keeper.pb.go:416.2,416.10 1 0
github.com/beliaevke/simpleKeeper/internal/proto/keeper.pb.go:419.48,420.14 1 0
github.com/beliaevke/simpleKeeper/internal/proto/keeper.pb.go:420.14,422.3 1 0
github.com/beliaevke/simpleKeeper/internal/proto/keeper.pb.go:423.2,423.10 1 0
github.com/beliaevke/simpleKeeper/internal/proto/keeper.pb.go:437.40,442.2 4 0
github.com/beliaevke/simpleKeeper/internal/proto/keeper.pb.go:444.48,446.2 1 0
github.com/beliaevke/simpleKeeper/internal/proto/keeper.pb.go:448.46,448.47 0 0
github.com/beliaevke/simpleKeeper/internal/proto/keeper.pb.go:450.68,452.14 2 0
github.com/beliaevke/simpleKeeper/internal/proto/keeper.pb.go:452.14,454.34 2 0
github.com/beliaevke/simpleKeeper/internal/proto/keeper.pb.go:454.34,456.4 1 0
github.com/beliaevke/simpleKeeper/internal/proto/keeper.pb.go:457.3,457.12 1 0
github.com/beliaevke/simpleKeeper/internal/proto/keeper.pb.go:459.2,459.24 1 0
github.com/beliaevke/simpleKeeper/internal/proto/keeper.pb.go:463.59,465.2 1 0
github.com/beliaevke/simpleKeeper/internal/proto/keeper.pb.go:467.49,468.14 1 0
github.com/beliaevke/simpleKeeper/internal/proto/keeper.pb.go:468.14,470.3 1 0
github.com/beliaevke/simpleKeeper/internal/proto/keeper.pb.go:471.2,471.11 1 0
github.com/beliaevke/simpleKeeper/internal/proto/keeper.pb.go:474.49,475.14 1 0
github.com/beliaevke/simpleKeeper/internal/proto/keeper.pb.go:475.14,477.3 1 0
github.com/beliaevke/simpleKeeper/internal/proto/keeper.pb.go:478.2,478.11 1 0
github.com/beliaevke/simpleKeeper/internal/proto/keeper.pb.go:481.52,482.14 1 0
github.com/beliaevke/simpleKeeper/internal/proto/keeper.pb.go:482.14,484.3 1 0
github.com/beliaevke/simpleKeeper/internal/proto/keeper.pb.go:485.2,485.11 1 0
github.com/beliaevke/simpleKeeper/internal/proto/keeper.pb.go:488.50,489.14 1 0
github.com/beliaevke/simpleKeeper/internal/proto/keeper.pb.go:489.14,491.3 1 0
github.com/beliaevke/simpleKeeper/internal/proto/keeper.pb.go:492.2,492.11 1 0
github.com/beliaevke/simpleKeeper/internal/proto/keeper.pb.go:505.36,510.2 4 0
github.com/beliaevke/simpleKeeper/internal/proto/keeper.pb.go:512.44,514.2 1 0
github.com/beliaevke/simpleKeeper/internal/proto/keeper.pb.go:516.42,516.43 0 0
github.com/beliaevke/simpleKeeper/internal/proto/keeper.pb.go:518.64,520.14 2 0
github.com/beliaevke/simpleKeeper/internal/proto/keeper.pb.go:520.14,522.34 2 0
github.com/beliaevke/simpleKeeper/internal/proto/keeper.pb.go:522.34,524.4 1 0
github.com/beliaevke/simpleKeeper/internal/proto/keeper.pb.go:525.3,525.12 1 0
github.com/beliaevke/simpleKeeper/internal/proto/keeper.pb.go:527.2,527.24 1 0
github.com/beliaevke/simpleKeeper/internal/proto/keeper.pb.go:531.55,533.2 1 0
github.com/beliaevke/simpleKeeper/internal/proto/keeper.pb.go:535.45,536.14 1 0
github.com/beliaevke/simpleKeeper/internal/proto/keeper.pb.go:536.14,538.3 1 0
github.com/beliaevke/simpleKeeper/internal/proto/keeper.pb.go:539.2,539.11 1 0
github.com/beliaevke/simpleKeeper/internal/proto/keeper.pb.go:542.45,543.14 1 0
github.com/beliaevke/simpleKeeper/internal/proto/keeper.pb.go:543.14,545.3 1 0
github.com/beliaevke/simpleKeeper/internal/proto/keeper.pb.go:546.2,546.11 1 0
github.com/beliaevke/simpleKeeper/internal/proto/keeper.pb.go:549.46,550.14 1 0
github.com/beliaevke/simpleKeeper/internal/proto/keeper.pb.go:550.14,552.3 1 0
github.com/beliaevke/simpleKeeper/internal/proto/keeper.pb.go:553.2,553.10 1 0
github.com/beliaevke/simpleKeeper/internal/proto/keeper.pb.go:569.37,574.2 4 0
github.com/beliaevke/simpleKeeper/internal/proto/keeper.pb.go:576.45,578.2 1 0
github.com/beliaevke/simpleKeeper/internal/proto/keeper.pb.go:580.43,580.44 0 0
github.com/beliaevke/simpleKeeper/internal/proto/keeper.pb.go:582.65,584.14 2 0
github.com/beliaevke/simpleKeeper/internal/proto/keeper.pb.go:584.14,586.34 2 0
github.com/beliaevke/simpleKeeper/internal/proto/keeper.pb.go:586.34,588.4 1 0
github.com/beliaevke/simpleKeeper/internal/proto/keeper.pb.go:589.3,589.12 1 0
github.com/beliaevke/simpleKeeper/internal/proto/keeper.pb.go:591.2,591.24 1 0
github.com/beliaevke/simpleKeeper/internal/proto/keeper.pb.go:595.56,597.2 1 0
github.com/beliaevke/simpleKeeper/internal/proto/keeper.pb.go:599.46,600.14 1 0
github.com/beliaevke/simpleKeeper/internal/proto/keeper.pb.go:600.14,602.3 1 0
github.com/beliaevke/simpleKeeper/internal/proto/keeper.pb.go:603.2,603.11 1 0
github.com/beliaevke/simpleKeeper/internal/proto/keeper.pb.go:606.46,607.14 1 0
github.com/beliaevke/simpleKeeper/internal/proto/keeper.pb.go:607.14,609.3 1 0
github.com/beliaevke/simpleKeeper/internal/proto/keeper.pb.go:610.2,610.11 1 0
github.com/beliaevke/simpleKeeper/internal/proto/keeper.pb.go:613.49,614.14 1 0
github.com/beliaevke/simpleKeeper/internal/proto/keeper.pb.go:614.14,616.3 1 0
github.com/beliaevke/simpleKeeper/internal/proto/keeper.pb.go:617.2,617.12 1 0
github.com/beliaevke/simpleKeeper/internal/proto/keeper.pb.go:620.49,621.14 1 0
github.com/beliaevke/simpleKeeper/internal/proto/keeper.pb.go:621.14,623.3 1 0
github.com/beliaevke/simpleKeeper/internal/proto/keeper.pb.go:624.2,624.11 1 0
github.com/beliaevke/simpleKeeper/internal/proto/keeper.pb.go:627.46,628.14 1 0
github.com/beliaevke/simpleKeeper/internal/proto/keeper.pb.go:628.14,630.3 1 0
github.com/beliaevke/simpleKeeper/internal/proto/keeper.pb.go:631.2,631.10 1 0
github.com/beliaevke/simpleKeeper/internal/proto/keeper.pb.go:634.47,635.14 1 0
github.com/beliaevke/simpleKeeper/internal/proto/keeper.pb.go:635.14,637.3 1 0
github.com/beliaevke/simpleKeeper/internal/proto/keeper.pb.go:638.2,638.11 1 0
github.com/beliaevke/simpleKeeper/internal/proto/keeper.pb.go:652.39,657.2 4 0
github.com/beliaevke/simpleKeeper/internal/proto/keeper.pb.go:659.47,661.2 1 0
github.com/beliaevke/simpleKeeper/internal/proto/keeper.pb.go:663.45,663.46 0 0
github.com/beliaevke/simpleKeeper/internal/proto/keeper.pb.go:665.67,667.14 2 0
github.com/beliaevke/simpleKeeper/internal/proto/keeper.pb.go:667.14,669.34 2 0
github.com/beliaevke/simpleKeeper/internal/proto/keeper.pb.go:669.34,671.4 1 0
github.com/beliaevke/simpleKeeper/internal/proto/keeper.pb.go:672.3,672.12 1 0
github.com/beliaevke/simpleKeeper/internal/proto/keeper.pb.go:674.2,674.24 1 0
github.com/beliaevke/simpleKeeper/internal/proto/keeper.pb.go:678.58,680.2 1 0
github.com/beliaevke/simpleKeeper/internal/proto/keeper.pb.go:682.48,683.14 1 0
github.com/beliaevke/simpleKeeper/internal/proto/keeper.pb.go:683.14,685.3 1 0
github.com/beliaevke/simpleKeeper/internal/proto/keeper.pb.go:686.2,686.11 1 0
github.com/beliaevke/simpleKeeper/internal/proto/keeper.pb.go:689.48,690.14 1 0
github.com/beliaevke/simpleKeeper/internal/proto/keeper.pb.go:690.14,692.3 1 0
github.com/beliaevke/simpleKeeper/internal/proto/keeper.pb.go:693.2,693.11 1 0
github.com/beliaevke/simpleKeeper/internal/proto/keeper.pb.go:696.51,697.14 1 0
github.com/beliaevke/simpleKeeper/internal/proto/keeper.pb.go:697.14,699.3 1 0
github.com/beliaevke/simpleKeeper/internal/proto/keeper.pb.go:700.2,700.12 1 0
github.com/beliaevke/simpleKeeper/internal/proto/keeper.pb.go:703.49,704.14 1 0
github.com/beliaevke/simpleKeeper/internal/proto/keeper.pb.go:704.14,706.3 1 0
github.com/beliaevke/simpleKeeper/internal/proto/keeper.pb.go:707.2,707.10 1 0
github.com/beliaevke/simpleKeeper/internal/proto/keeper.pb.go:721.40,726.2 4 0
github.com/beliaevke/simpleKeeper/internal/proto/keeper.pb.go:728.48,730.2 1 0
github.com/beliaevke/simpleKeeper/internal/proto/keeper.pb.go:732.46,732.47 0 0
github.com/beliaevke/simpleKeeper/internal/proto/keeper.pb.go:734.68,736.14 2 0
github.com/beliaevke/simpleKeeper/internal/proto/keeper.pb.go:736.14,738.34 2 0
github.com/beliaevke/simpleKeeper/internal/proto/keeper.pb.go:738.34,740.4 1 0
github.com/beliaevke/simpleKeeper/internal/proto/keeper.pb.go:741.3,741.12 1 0
github.com/beliaevke/simpleKeeper/internal/proto/keeper.pb.go:743.2,743.24 1 0
github.com/beliaevke/simpleKeeper/internal/proto/keeper.pb.go:747.59,749.2 1 0
github.com/beliaevke/simpleKeeper/internal/proto/keeper.pb.go:751.49,752.14 1 0
github.com/beliaevke/simpleKeeper/internal/proto/keeper.pb.go:752.14,754.3 1 0
github.com/beliaevke/simpleKeeper/internal/proto/keeper.pb.go:755.2,755.11 1 0
github.com/beliaevke/simpleKeeper/internal/proto/keeper.pb.go:758.49,759.14 1 0
github.com/beliaevke/simpleKeeper/internal/proto/keeper.pb.go:759.14,761.3 1 0
github.com/beliaevke/simpleKeeper/internal/proto/keeper.pb.go:762.2,762.11 1 0
github.com/beliaevke/simpleKeeper/internal/proto/keeper.pb.go:765.52,766.14 1 0
github.com/beliaevke/simpleKeeper/internal/proto/keeper.pb.go:766.14,768.3 1 0
github.com/beliaevke/simpleKeeper/internal/proto/keeper.pb.go:769.2,769.11 1 0
github.com/beliaevke/simpleKeeper/internal/proto/keeper.pb.go:772.50,773.14 1 0
github.com/beliaevke/simpleKeeper/internal/proto/keeper.pb.go:773.14,775.3 1 0
github.com/beliaevke/simpleKeeper/internal/proto/keeper.pb.go:776.2,776.11 1 0
github.com/beliaevke/simpleKeeper/internal/proto/keeper.pb.go:789.39,794.2 4 0
github.com/beliaevke/simpleKeeper/internal/proto/keeper.pb.go:796.47,798.2 1 0
github.com/beliaevke/simpleKeeper/internal/proto/keeper.pb.go:800.45,800.46 0 0
github.com/beliaevke/simpleKeeper/internal/proto/keeper.pb.go:802.67,804.14 2 0
github.com/beliaevke/simpleKeeper/internal/proto/keeper.pb.go:804.14,806.34 2 0
github.com/beliaevke/simpleKeeper/internal/proto/keeper.pb.go:806.34,808.4 1 0
github.com/beliaevke/simpleKeeper/internal/proto/keeper.pb.go:809.3,809.12 1 0
github.com/beliaevke/simpleKeeper/internal/proto/keeper.pb.go:811.2,811.24 1 0
github.com/beliaevke/simpleKeeper/internal/proto/keeper.pb.go:815.58,817.2 1 0
github.com/beliaevke/simpleKeeper/internal/proto/keeper.pb.go:819.48,820.14 1 0
github.com/beliaevke/simpleKeeper/internal/proto/keeper.pb.go:820.14,822.3 1 0
github.com/beliaevke/simpleKeeper/internal/proto/keeper.pb.go:823.2,823.11 1 0
github.com/beliaevke/simpleKeeper/internal/proto/keeper.pb.go:826.48,827.14 1 0
github.com/beliaevke/simpleKeeper/internal/proto/keeper.pb.go:827.14,829.3 1 0
github.com/beliaevke/simpleKeeper/internal/proto/keeper.pb.go:830.2,830.11 1 0
github.com/beliaevke/simpleKeeper/internal/proto/keeper.pb.go:833.49,834.14 1 0
github.com/beliaevke/simpleKeeper/internal/proto/keeper.pb.go:834.14,836.3 1 0
github.com/beliaevke/simpleKeeper/internal/proto/keeper.pb.go:837.2,837.10 1 0
github.com/beliaevke/simpleKeeper/internal/proto/keeper.pb.go:849.40,854.2 4 0
github.com/beliaevke/simpleKeeper/internal/proto/keeper.pb.go:856.48,858.2 1 0
github.com/beliaevke/simpleKeeper/internal/proto/keeper.pb.go:860.46,860.47 0 0
github.com/beliaevke/simpleKeeper/internal/proto/keeper.pb.go:862.68,864.14 2 0
github.com/beliaevke/simpleKeeper/internal/proto/keeper.pb.go:864.14,866.34 2 0
github.com/beliaevke/simpleKeeper/internal/proto/keeper.pb.go:866.34,868.4 1 0
github.com/beliaevke/simpleKeeper/internal/proto/keeper.pb.go:869.3,869.12 1 0
github.com/beliaevke/simpleKeeper/internal/proto/keeper.pb.go:871.2,871.24 1 0
github.com/beliaevke/simpleKeeper/internal/proto/keeper.pb.go:875.59,877.2 1 0
github.com/beliaevke/simpleKeeper/internal/proto/keeper.pb.go:879.50,880.14 1 0
github.com/beliaevke/simpleKeeper/internal/proto/keeper.pb.go:880.14,882.3 1 0
github.com/beliaevke/simpleKeeper/internal/proto/keeper.pb.go:883.2,883.14 1 0
github.com/beliaevke/simpleKeeper/internal/proto/keeper.pb.go:886.50,887.14 1 0
github.com/beliaevke/simpleKeeper/internal/proto/keeper.pb.go:887.14,889.3 1 0
github.com/beliaevke/simpleKeeper/internal/proto/keeper.pb.go:890.2,890.11 1 0
github.com/beliaevke/simpleKeeper/internal/proto/keeper.pb.go:904.31,909.2 4 0
github.com/beliaevke/simpleKeeper/internal/proto/keeper.pb.go:911.39,913.2 1 0
github.com/beliaevke/simpleKeeper/internal/proto/keeper.pb.go:915.37,915.38 0 0
github.com/beliaevke/simpleKeeper/internal/proto/keeper.pb.go:917.59,919.14 2 0
github.com/beliaevke/simpleKeeper/internal/proto/keeper.pb.go:919.14,921.34 2 0
github.com/beliaevke/simpleKeeper/internal/proto/keeper.pb.go:921.34,923.4 1 0
github.com/beliaevke/simpleKeeper/internal/proto/keeper.pb.go:924.3,924.12 1 0
github.com/beliaevke/simpleKeeper/internal/proto/keeper.pb.go:926.2,926.24 1 0
github.com/beliaevke/simpleKeeper/internal/proto/keeper.pb.go:930.50,932.2 1 0
github.com/beliaevke/simpleKeeper/internal/proto/keeper.pb.go:934.40,935.14 1 0
github.com/beliaevke/simpleKeeper/internal/proto/keeper.pb.go:935.14,937.3 1 0
github.com/beliaevke/simpleKeeper/internal/proto/keeper.pb.go:938.2,938.11 1 0
github.com/beliaevke/simpleKeeper/internal/proto/keeper.pb.go:941.40,942.14 1 0
github.com/beliaevke/simpleKeeper/internal/proto/keeper.pb.go:942.14,944.3 1 0
github.com/beliaevke/simpleKeeper/internal/proto/keeper.pb.go:945.2,945.11 1 0
github.com/beliaevke/simpleKeeper/internal/proto/keeper.pb.go:948.43,949.14 1 0
github.com/beliaevke/simpleKeeper/internal/proto/keeper.pb.go:949.14,951.3 1 0
github.com/beliaevke/simpleKeeper/internal/proto/keeper.pb.go:952.2,952.12 1 0
github.com/beliaevke/simpleKeeper/internal/proto/keeper.pb.go:955.43,956.14 1 0
github.com/beliaevke/simpleKeeper/internal/proto/keeper.pb.go:956.14,958.3 1 0
github.com/beliaevke/simpleKeeper/internal/proto/keeper.pb.go:959.2,959.11 1 0
github.com/beliaevke/simpleKeeper/internal/proto/keeper.pb.go:970.38,975.2 4 0
github.com/beliaevke/simpleKeeper/internal/proto/keeper.pb.go:977.46,979.2 1 0
github.com/beliaevke/simpleKeeper/internal/proto/keeper.pb.go:981.44,981.45 0 0
github.com/beliaevke/simpleKeeper/internal/proto/keeper.pb.go:983.66,985.14 2 0
github.com/beliaevke/simpleKeeper/internal/proto/keeper.pb.go:985.14,987.34 2 0
github.com/beliaevke/simpleKeeper/internal/proto/keeper.pb.go:987.34,989.4 1 0
github.com/beliaevke/simpleKeeper/internal/proto/keeper.pb.go:990.3,990.12 1 0
github.com/beliaevke/simpleKeeper/internal/proto/keeper.pb.go:992.2,992.24 1 0
github.com/beliaevke/simpleKeeper/internal/proto/keeper.pb.go:996.57,998.2 1 0
github.com/beliaevke/simpleKeeper/internal/proto/keeper.pb.go:1000.48,1001.14 1 0
github.com/beliaevke/simpleKeeper/internal/proto/keeper.pb.go:1001.14,1003.3 1 0
github.com/beliaevke/simpleKeeper/internal/proto/keeper.pb.go:1004.2,1004.10 1 0
github.com/beliaevke/simpleKeeper/internal/proto/keeper.pb.go:1016.39,1021.2 4 0
github.com/beliaevke/simpleKeeper/internal/proto/keeper.pb.go:1023.47,1025.2 1 0
github.com/beliaevke/simpleKeeper/internal/proto/keeper.pb.go:1027.45,1027.46 0 0
github.com/beliaevke/simpleKeeper/internal/proto/keeper.pb.go:1029.67,1031.14 2 0
github.com/beliaevke/simpleKeeper/internal/proto/keeper.pb.go:1031.14,1033.34 2 0
github.com/beliaevke/simpleKeeper/internal/proto/keeper.pb.go:1033.34,1035.4 1 0
github.com/beliaevke/simpleKeeper/internal/proto/keeper.pb.go:1036.3,1036.12 1 0
github.com/beliaevke/simpleKeeper/internal/proto/keeper.pb.go:1038.2,1038.24 1 0
github.com/beliaevke/simpleKeeper/internal/proto/keeper.pb.go:1042.58,1044.2 1 0
github.com/beliaevke/simpleKeeper/internal/proto/keeper.pb.go:1046.59,1047.14 1 0
github.com/beliaevke/simpleKeeper/internal/proto/keeper.pb.go:1047.14,1049.3 1 0
github.com/beliaevke/simpleKeeper/internal/proto/keeper.pb.go:1050.2,1050.12 1 0
github.com/beliaevke/simpleKeeper/internal/proto/keeper.pb.go:1053.49,1054.14 1 0
github.com/beliaevke/simpleKeeper/internal/proto/keeper.pb.go:1054.14,1056.3 1 0
github.com/beliaevke/simpleKeeper/internal/proto/keeper.pb.go:1057.2,1057.11 1 0
github.com/beliaevke/simpleKeeper/internal/proto/keeper.pb.go:1071.27,1076.2 4 0
github.com/beliaevke/simpleKeeper/internal/proto/keeper.pb.go:1078.35,1080.2 1 0
github.com/beliaevke/simpleKeeper/internal/proto/keeper.pb.go:1082.33,1082.34 0 0
github.com/beliaevke/simpleKeeper/internal/proto/keeper.pb.go:1084.55,1086.14 2 0
github.com/beliaevke/simpleKeeper/internal/proto/keeper.pb.go:1086.14,1088.34 2 0
github.com/beliaevke/simpleKeeper/internal/proto/keeper.pb.go:1088.34,1090.4 1 0
github.com/beliaevke/simpleKeeper/internal/proto/keeper.pb.go:1091.3,1091.12 1 0
github.com/beliaevke/simpleKeeper/internal/proto/keeper.pb.go:1093.2,1093.24 1 0
github.com/beliaevke/simpleKeeper/internal/proto/keeper.pb.go:1097.46,1099.2 1 0
github.com/beliaevke/simpleKeeper/internal/proto/keeper.pb.go:1101.37,1102.14 1 0
github.com/beliaevke/simpleKeeper/internal/proto/keeper.pb.go:1102.14,1104.3 1 0
github.com/beliaevke/simpleKeeper/internal/proto/keeper.pb.go:1105.2,1105.11 1 0
github.com/beliaevke/simpleKeeper/internal/proto/keeper.pb.go:1108.38,1109.14 1 0
github.com/beliaevke/simpleKeeper/internal/proto/keeper.pb.go:1109.14,1111.3 1 0
github.com/beliaevke/simpleKeeper/internal/proto/keeper.pb.go:1112.2,1112.11 1 0
github.com/beliaevke/simpleKeeper/internal/proto/keeper.pb.go:1115.38,1116.14 1 0
github.com/beliaevke/simpleKeeper/internal/proto/keeper.pb.go:1116.14,1118.3 1 0
github.com/beliaevke/simpleKeeper/internal/proto/keeper.pb.go:1119.2,1119.10 1 0
github.com/beliaevke/simpleKeeper/internal/proto/keeper.pb.go:1122.41,1123.14 1 0
github.com/beliaevke/simpleKeeper/internal/proto/keeper.pb.go:1123.14,1125.3 1 0
github.com/beliaevke/simpleKeeper/internal/proto/keeper.pb.go:1126.2,1126.11 1 0
github.com/beliaevke/simpleKeeper/internal/proto/keeper.pb.go:1138.39,1143.2 4 0
github.com/beliaevke/simpleKeeper/internal/proto/keeper.pb.go:1145.47,1147.2 1 0
github.com/beliaevke/simpleKeeper/internal/proto/keeper.pb.go:1149.45,1149.46 0 0
github.com/beliaevke/simpleKeeper/internal/proto/keeper.pb.go:1151.67,1153.14 2 0
github.com/beliaevke/simpleKeeper/internal/proto/keeper.pb.go:1153.14,1155.34 2 0
github.com/beliaevke/simpleKeeper/internal/proto/keeper.pb.go:1155.34,1157.4 1 0
github.com/beliaevke/simpleKeeper/internal/proto/keeper.pb.go:1158.3,1158.12 1 0
github.com/beliaevke/simpleKeeper/internal/proto/keeper.pb.go:1160.2,1160.24 1 0
github.com/beliaevke/simpleKeeper/internal/proto/keeper.pb.go:1164.58,1166.2 1 0
github.com/beliaevke/simpleKeeper/internal/proto/keeper.pb.go:1168.50,1169.14 1 0
github.com/beliaevke/simpleKeeper/internal/proto/keeper.pb.go:1169.14,1171.3 1 0
github.com/beliaevke/simpleKeeper/internal/proto/keeper.pb.go:1172.2,1172.10 1 0
github.com/beliaevke/simpleKeeper/internal/proto/keeper.pb.go:1175.57,1176.14 1 0
github.com/beliaevke/simpleKeeper/internal/proto/keeper.pb.go:1176.14,1178.3 1 0
github.com/beliaevke/simpleKeeper/internal/proto/keeper.pb.go:1179.2,1179.11 1 0
github.com/beliaevke/simpleKeeper/internal/proto/keeper.pb.go:1190.40,1195.2 4 0
github.com/beliaevke/simpleKeeper/internal/proto/keeper.pb.go:1197.48,1199.2 1 0
github.com/beliaevke/simpleKeeper/internal/proto/keeper.pb.go:1201.46,1201.47 0 0
github.com/beliaevke/simpleKeeper/internal/proto/keeper.pb.go:1203.68,1205.14 2 0
github.com/beliaevke/simpleKeeper/internal/proto/keeper.pb.go:1205.14,1207.34 2 0
github.com/beliaevke/simpleKeeper/internal/proto/keeper.pb.go:1207.34,1209.4 1 0
github.com/beliaevke/simpleKeeper/internal/proto/keeper.pb.go:1210.3,1210.12 1 0
github.com/beliaevke/simpleKeeper/internal/proto/keeper.pb.go:1212.2,1212.24 1 0
github.com/beliaevke/simpleKeeper/internal/proto/keeper.pb.go:1216.59,1218.2 1 0
github.com/beliaevke/simpleKeeper/internal/proto/keeper.pb.go:1220.53,1221.14 1 0
github.com/beliaevke/simpleKeeper/internal/proto/keeper.pb.go:1221.14,1223.3 1 0
github.com/beliaevke/simpleKeeper/internal/proto/keeper.pb.go:1224.2,1224.12 1 0
github.com/beliaevke/simpleKeeper/internal/proto/keeper.pb.go:1235.39,1240.2 4 0
github.com/beliaevke/simpleKeeper/internal/proto/keeper.pb.go:1242.47,1244.2 1 0
github.com/beliaevke/simpleKeeper/internal/proto/keeper.pb.go:1246.45,1246.46 0 0
github.com/beliaevke/simpleKeeper/internal/proto/keeper.pb.go:1248.67,1250.14 2 0
github.com/beliaevke/simpleKeeper/internal/proto/keeper.pb.go:1250.14,1252.34 2 0
github.com/beliaevke/simpleKeeper/internal/proto/keeper.pb.go:1252.34,1254.4 1 0
github.com/beliaevke/simpleKeeper/internal/proto/keeper.pb.go:1255.3,1255.12 1 0
github.com/beliaevke/simpleKeeper/internal/proto/keeper.pb.go:1257.2,1257.24 1 0
github.com/beliaevke/simpleKeeper/internal/proto/keeper.pb.go:1261.58,1263.2 1 0
github.com/beliaevke/simpleKeeper/internal/proto/keeper.pb.go:1265.52,1266.14 1 0
github.com/beliaevke/simpleKeeper/internal/proto/keeper.pb.go:1266.14,1268.3 1 0
github.com/beliaevke/simpleKeeper/internal/proto/keeper.pb.go:1269.2,1269.12 1 0
github.com/beliaevke/simpleKeeper/internal/proto/keeper.pb.go:1280.40,1285.2 4 0
github.com/beliaevke/simpleKeeper/internal/proto/keeper.pb.go:1287.48,1289.2 1 0
github.com/beliaevke/simpleKeeper/internal/proto/keeper.pb.go:1291.46,1291.47 0 0
github.com/beliaevke/simpleKeeper/internal/proto/keeper.pb.go:1293.68,1295.14 2 0
github.com/beliaevke/simpleKeeper/internal/proto/keeper.pb.go:1295.14,1297.34 2 0
github.com/beliaevke/simpleKeeper/internal/proto/keeper.pb.go:1297.34,1299.4 1 0
github.com/beliaevke/simpleKeeper/internal/proto/keeper.pb.go:1300.3,1300.12 1 0
github.com/beliaevke/simpleKeeper/internal/proto/keeper.pb.go:1302.2,1302.24 1 0
github.com/beliaevke/simpleKeeper/internal/proto/keeper.pb.go:1306.59,1308.2 1 0
github.com/beliaevke/simpleKeeper/internal/proto/keeper.pb.go:1310.52,1311.14 1 0
github.com/beliaevke/simpleKeeper/internal/proto/keeper.pb.go:1311.14,1313.3 1 0
github.com/beliaevke/simpleKeeper/internal/proto/keeper.pb.go:1314.2,1314.11 1 0
github.com/beliaevke/simpleKeeper/internal/proto/keeper.pb.go:1331.30,1336.2 4 0
github.com/beliaevke/simpleKeeper/internal/proto/keeper.pb.go:1338.38,1340.2 1 0
github.com/beliaevke/simpleKeeper/internal/proto/keeper.pb.go:1342.36,1342.37 0 0
github.com/beliaevke/simpleKeeper/internal/proto/keeper.pb.go:1344.58,1346.14 2 0
github.com/beliaevke/simpleKeeper/internal/proto/keeper.pb.go:1346.14,1348.34 2 0
github.com/beliaevke/simpleKeeper/internal/proto/keeper.pb.go:1348.34,1350.4 1 0
github.com/beliaevke/simpleKeeper/internal/proto/keeper.pb.go:1351.3,1351.12 1 0
github.com/beliaevke/simpleKeeper/internal/proto/keeper.pb.go:1353.2,1353.24 1 0
github.com/beliaevke/simpleKeeper/internal/proto/keeper.pb.go:1357.49,1359.2 1 0
github.com/beliaevke/simpleKeeper/internal/proto/keeper.pb.go:1361.39,1362.14 1 0
github.com/beliaevke/simpleKeeper/internal/proto/keeper.pb.go:1362.14,1364.3 1 0
github.com/beliaevke/simpleKeeper/internal/proto/keeper.pb.go:1365.2,1365.11 1 0
github.com/beliaevke/simpleKeeper/internal/proto/keeper.pb.go:1368.39,1369.14 1 0
github.com/beliaevke/simpleKeeper/internal/proto/keeper.pb.go:1369.14,1371.3 1 0
github.com/beliaevke/simpleKeeper/internal/proto/keeper.pb.go:1372.2,1372.11 1 0
github.com/beliaevke/simpleKeeper/internal/proto/keeper.pb.go:1375.42,1376.14 1 0
github.com/beliaevke/simpleKeeper/internal/proto/keeper.pb.go:1376.14,1378.3 1 0
github.com/beliaevke/simpleKeeper/internal/proto/keeper.pb.go:1379.2,1379.12 1 0
github.com/beliaevke/simpleKeeper/internal/proto/keeper.pb.go:1382.41,1383.14 1 0
github.com/beliaevke/simpleKeeper/internal/proto/keeper.pb.go:1383.14,1385.3 1 0
github.com/beliaevke/simpleKeeper/internal/proto/keeper.pb.go:1386.2,1386.10 1 0
github.com/beliaevke/simpleKeeper/internal/proto/keeper.pb.go:1389.40,1390.14 1 0
github.com/beliaevke/simpleKeeper/internal/proto/keeper.pb.go:1390.14,1392.3 1 0
github.com/beliaevke/simpleKeeper/internal/proto/keeper.pb.go:1393.2,1393.11 1 0
github.com/beliaevke/simpleKeeper/internal/proto/keeper.pb.go:1396.44,1397.14 1 0
github.com/beliaevke/simpleKeeper/internal/proto/keeper.pb.go:1397.14,1399.3 1 0
github.com/beliaevke/simpleKeeper/internal/proto/keeper.pb.go:1400.2,1400.11 1 0
github.com/beliaevke/simpleKeeper/internal/proto/keeper.pb.go:1403.42,1404.14 1 0
github.com/beliaevke/simpleKeeper/internal/proto/keeper.pb.go:1404.14,1406.3 1 0
github.com/beliaevke/simpleKeeper/internal/proto/keeper.pb.go:1407.2,1407.14 1 0
github.com/beliaevke/simpleKeeper/internal/proto/keeper.pb.go:1419.42,1424.2 4 0
github.com/beliaevke/simpleKeeper/internal/proto/keeper.pb.go:1426.50,1428.2 1 0
github.com/beliaevke/simpleKeeper/internal/proto/keeper.pb.go:1430.48,1430.49 0 0
github.com/beliaevke/simpleKeeper/internal/proto/keeper.pb.go:1432.70,1434.14 2 0
github.com/beliaevke/simpleKeeper/internal/proto/keeper.pb.go:1434.14,1436.34 2 0
github.com/beliaevke/simpleKeeper/internal/proto/keeper.pb.go:1436.34,1438.4 1 0
github.com/beliaevke/simpleKeeper/internal/proto/keeper.pb.go:1439.3,1439.12 1 0
github.com/beliaevke/simpleKeeper/internal/proto/keeper.pb.go:1441.2,1441.24 1 0
github.com/beliaevke/simpleKeeper/internal/proto/keeper.pb.go:1445.61,1447.2 1 0
github.com/beliaevke/simpleKeeper/internal/proto/keeper.pb.go:1449.53,1450.14 1 0
github.com/beliaevke/simpleKeeper/internal/proto/keeper.pb.go:1450.14,1452.3 1 0
github.com/beliaevke/simpleKeeper/internal/proto/keeper.pb.go:1453.2,1453.10 1 0
github.com/beliaevke/simpleKeeper/internal/proto/keeper.pb.go:1456.60,1457.14 1 0
github.com/beliaevke/simpleKeeper/internal/proto/keeper.pb.go:1457.14,1459.3 1 0
github.com/beliaevke/simpleKeeper/internal/proto/keeper.pb.go:1460.2,1460.11 1 0
github.com/beliaevke/simpleKeeper/internal/proto/keeper.pb.go:1471.43,1476.2 4 0
github.com/beliaevke/simpleKeeper/internal/proto/keeper.pb.go:1478.51,1480.2 1 0
github.com/beliaevke/simpleKeeper/internal/proto/keeper.pb.go:1482.49,1482.50 0 0
github.com/beliaevke/simpleKeeper/internal/proto/keeper.pb.go:1484.71,1486.14 2 0
github.com/beliaevke/simpleKeeper/internal/proto/keeper.pb.go:1486.14,1488.34 2 0
github.com/beliaevke/simpleKeeper/internal/proto/keeper.pb.go:1488.34,1490.4 1 0
github.com/beliaevke/simpleKeeper/internal/proto/keeper.pb.go:1491.3,1491.12 1 0
github.com/beliaevke/simpleKeeper/internal/proto/keeper.pb.go:1493.2,1493.24 1 0
github.com/beliaevke/simpleKeeper/internal/proto/keeper.pb.go:1497.62,1499.2 1 0
github.com/beliaevke/simpleKeeper/internal/proto/keeper.pb.go:1501.62,1502.14 1 0
github.com/beliaevke/simpleKeeper/internal/proto/keeper.pb.go:1502.14,1504.3 1 0
github.com/beliaevke/simpleKeeper/internal/proto/keeper.pb.go:1505.2,1505.12 1 0
github.com/beliaevke/simpleKeeper/internal/proto/keeper.pb.go:1516.42,1521.2 4 0
github.com/beliaevke/simpleKeeper/internal/proto/keeper.pb.go:1523.50,1525.2 1 0
github.com/beliaevke/simpleKeeper/internal/proto/keeper.pb.go:1527.48,1527.49 0 0
github.com/beliaevke/simpleKeeper/internal/proto/keeper.pb.go:1529.70,1531.14 2 0
github.com/beliaevke/simpleKeeper/internal/proto/keeper.pb.go:1531.14,1533.34 2 0
github.com/beliaevke/simpleKeeper/internal/proto/keeper.pb.go:1533.34,1535.4 1 0
github.com/beliaevke/simpleKeeper/internal/proto/keeper.pb.go:1536.3,1536.12 1 0
github.com/beliaevke/simpleKeeper/internal/proto/keeper.pb.go:1538.2,1538.24 1 0
github.com/beliaevke/simpleKeeper/internal/proto/keeper.pb.go:1542.61,1544.2 1 0
github.com/beliaevke/simpleKeeper/internal/proto/keeper.pb.go:1546.61,1547.14 1 0
github.com/beliaevke/simpleKeeper/internal/proto/keeper.pb.go:1547.14,1549.3 1 0
github.com/beliaevke/simpleKeeper/internal/proto/keeper.pb.go:1550.2,1550.12 1 0
github.com/beliaevke/simpleKeeper/internal/proto/keeper.pb.go:1561.43,1566.2 4 0
github.com/beliaevke/simpleKeeper/internal/proto/keeper.pb.go:1568.51,1570.2 1 0
github.com/beliaevke/simpleKeeper/internal/proto/keeper.pb.go:1572.49,1572.50 0 0
github.com/beliaevke/simpleKeeper/internal/proto/keeper.pb.go:1574.71,1576.14 2 0
github.com/beliaevke/simpleKeeper/internal/proto/keeper.pb.go:1576.14,1578.34 2 0
github.com/beliaevke/simpleKeeper/internal/proto/keeper.pb.go:1578.34,1580.4 1 0
github.com/beliaevke/simpleKeeper/internal/proto/keeper.pb.go:1581.3,1581.12 1 0
github.com/beliaevke/simpleKeeper/internal/proto/keeper.pb.go:1583.2,1583.24 1 0
github.com/beliaevke/simpleKeeper/internal/proto/keeper.pb.go:1587.62,1589.2 1 0
github.com/beliaevke/simpleKeeper/internal/proto/keeper.pb.go:1591.55,1592.14 1 0
github.com/beliaevke/simpleKeeper/internal/proto/keeper.pb.go:1592.14,1594.3 1 0
github.com/beliaevke/simpleKeeper/internal/proto/keeper.pb.go:1595.2,1595.11 1 0
github.com/beliaevke/simpleKeeper/internal/proto/keeper.pb.go:1608.28,1613.2 4 0
github.com/beliaevke/simpleKeeper/internal/proto/keeper.pb.go:1615.36,1617.2 1 0
github.com/beliaevke/simpleKeeper/internal/proto/keeper.pb.go:1619.34,1619.35 0 0
github.com/beliaevke/simpleKeeper/internal/proto/keeper.pb.go:1621.56,1623.14 2 0
github.com/beliaevke/simpleKeeper/internal/proto/keeper.pb.go:1623.14,1625.34 2 0
github.com/beliaevke/simpleKeeper/internal/proto/keeper.pb.go:1625.34,1627.4 1 0
github.com/beliaevke/simpleKeeper/internal/proto/keeper.pb.go:1628.3,1628.12 1 0
github.com/beliaevke/simpleKeeper/internal/proto/keeper.pb.go:1630.2,1630.24 1 0
github.com/beliaevke/simpleKeeper/internal/proto/keeper.pb.go:1634.47,1636.2 1 0
github.com/beliaevke/simpleKeeper/internal/proto/keeper.pb.go:1638.39,1639.14 1 0
github.com/beliaevke/simpleKeeper/internal/proto/keeper.pb.go:1639.14,1641.3 1 0
github.com/beliaevke/simpleKeeper/internal/proto/keeper.pb.go:1642.2,1642.11 1 0
github.com/beliaevke/simpleKeeper/internal/proto/keeper.pb.go:1645.42,1646.14 1 0
github.com/beliaevke/simpleKeeper/internal/proto/keeper.pb.go:1646.14,1648.3 1 0
github.com/beliaevke/simpleKeeper/internal/proto/keeper.pb.go:1649.2,1649.11 1 0
github.com/beliaevke/simpleKeeper/internal/proto/keeper.pb.go:1652.45,1653.14 1 0
github.com/beliaevke/simpleKeeper/internal/proto/keeper.pb.go:1653.14,1655.3 1 0
github.com/beliaevke/simpleKeeper/internal/proto/keeper.pb.go:1656.2,1656.11 1 0
github.com/beliaevke/simpleKeeper/internal/proto/keeper.pb.go:1667.39,1672.2 4 0
github.com/beliaevke/simpleKeeper/internal/proto/keeper.pb.go:1674.47,1676.2 1 0
github.com/beliaevke/simpleKeeper/internal/proto/keeper.pb.go:1678.45,1678.46 0 0
github.com/beliaevke/simpleKeeper/internal/proto/keeper.pb.go:1680.67,1682.14 2 0
github.com/beliaevke/simpleKeeper/internal/proto/keeper.pb.go:1682.14,1684.34 2 0
github.com/beliaevke/simpleKeeper/internal/proto/keeper.pb.go:1684.34,1686.4 1 0
github.com/beliaevke/simpleKeeper/internal/proto/keeper.pb.go:1687.3,1687.12 1 0
github.com/beliaevke/simpleKeeper/internal/proto/keeper.pb.go:1689.2,1689.24 1 0
github.com/beliaevke/simpleKeeper/internal/proto/keeper.pb.go:1693.58,1695.2 1 0
github.com/beliaevke/simpleKeeper/internal/proto/keeper.pb.go:1697.50,1698.14 1 0
github.com/beliaevke/simpleKeeper/internal/proto/keeper.pb.go:1698.14,1700.3 1 0
github.com/beliaevke/simpleKeeper/internal/proto/keeper.pb.go:1701.2,1701.10 1 0
github.com/beliaevke/simpleKeeper/internal/proto/keeper.pb.go:1712.40,1717.2 4 0
github.com/beliaevke/simpleKeeper/internal/proto/keeper.pb.go:1719.48,1721.2 1 0
github.com/beliaevke/simpleKeeper/internal/proto/keeper.pb.go:1723.46,1723.47 0 0
github.com/beliaevke/simpleKeeper/internal/proto/keeper.pb.go:1725.68,1727.14 2 0
github.com/beliaevke/simpleKeeper/internal/proto/keeper.pb.go:1727.14,1729.34 2 0
github.com/beliaevke/simpleKeeper/internal/proto/keeper.pb.go:1729.34,1731.4 1 0
github.com/beliaevke/simpleKeeper/internal/proto/keeper.pb.go:1732.3,1732.12 1 0
github.com/beliaevke/simpleKeeper/internal/proto/keeper.pb.go:1734.2,1734.24 1 0
github.com/beliaevke/simpleKeeper/internal/proto/keeper.pb.go:1738.59,1740.2 1 0
github.com/beliaevke/simpleKeeper/internal/proto/keeper.pb.go:1742.55,1743.14 1 0
github.com/beliaevke/simpleKeeper/internal/proto/keeper.pb.go:1743.14,1745.3 1 0
github.com/beliaevke/simpleKeeper/internal/proto/keeper.pb.go:1746.2,1746.12 1 0
github.com/beliaevke/simpleKeeper/internal/proto/keeper.pb.go:1997.60,1998.57 1 0
github.com/beliaevke/simpleKeeper/internal/proto/keeper.pb.go:1998.57,2000.3 1 0
github.com/beliaevke/simpleKeeper/internal/proto/keeper.pb.go:2001.2,2001.53 1 0
github.com/beliaevke/simpleKeeper/internal/proto/keeper.pb.go:2077.13,2077.56 1 0
github.com/beliaevke/simpleKeeper/internal/proto/keeper.pb.go:2078.46,2079.45 1 0
github.com/beliaevke/simpleKeeper/internal/proto/keeper.pb.go:2079.45,2081.3 1 0
github.com/beliaevke/simpleKeeper/internal/proto/keeper.pb.go:2082.2,2099.48 6 0
github.com/beliaevke/simpleKeeper/internal/proto/keeper_grpc.pb.go:60.64,62.2 1 0
github.com/beliaevke/simpleKeeper/internal/proto/keeper_grpc.pb.go:64.115,68.16 4 0
github.com/beliaevke/simpleKeeper/internal/proto/keeper_grpc.pb.go:68.16,70.3 1 0
github.com/beliaevke/simpleKeeper/internal/proto/keeper_grpc.pb.go:71.2,71.17 1 0
github.com/beliaevke/simpleKeeper/internal/proto/keeper_grpc.pb.go:74.127,78.16 4 0
github.com/beliaevke/simpleKeeper/internal/proto/keeper_grpc.pb.go:78.16,80.3 1 0
github.com/beliaevke/simpleKeeper/internal/proto/keeper_grpc.pb.go:81.2,81.17 1 0
github.com/beliaevke/simpleKeeper/internal/proto/keeper_grpc.pb.go:84.118,88.16 4 0
github.com/beliaevke/simpleKeeper/internal/proto/keeper_grpc.pb.go:88.16,90.3 1 0
github.com/beliaevke/simpleKeeper/internal/proto/keeper_grpc.pb.go:91.2,91.17 1 0
github.com/beliaevke/simpleKeeper/internal/proto/keeper_grpc.pb.go:94.139,98.16 4 0
github.com/beliaevke/simpleKeeper/internal/proto/keeper_grpc.pb.go:98.16,100.3 1 0
github.com/beliaevke/simpleKeeper/internal/proto/keeper_grpc.pb.go:101.2,101.17 1 0
github.com/beliaevke/simpleKeeper/internal/proto/keeper_grpc.pb.go:104.130,108.16 4 0
github.com/beliaevke/simpleKeeper/internal/proto/keeper_grpc.pb.go:108.16,110.3 1 0
github.com/beliaevke/simpleKeeper/internal/proto/keeper_grpc.pb.go:111.2,111.17 1 0
github.com/beliaevke/simpleKeeper/internal/proto/keeper_grpc.pb.go:114.139,118.16 4 0
github.com/beliaevke/simpleKeeper/internal/proto/keeper_grpc.pb.go:118.16,120.3 1 0
github.com/beliaevke/simpleKeeper/internal/proto/keeper_grpc.pb.go:121.2,121.17 1 0
github.com/beliaevke/simpleKeeper/internal/proto/keeper_grpc.pb.go:124.139,128.16 4 0
github.com/beliaevke/simpleKeeper/internal/proto/keeper_grpc.pb.go:128.16,130.3 1 0
github.com/beliaevke/simpleKeeper/internal/proto/keeper_grpc.pb.go:131.2,131.17 1 0
github.com/beliaevke/simpleKeeper/internal/proto/keeper_grpc.pb.go:134.136,138.16 4 0
github.com/beliaevke/simpleKeeper/internal/proto/keeper_grpc.pb.go:138.16,140.3 1 0
github.com/beliaevke/simpleKeeper/internal/proto/keeper_grpc.pb.go:141.2,141.17 1 0
github.com/beliaevke/simpleKeeper/internal/proto/keeper_grpc.pb.go:144.139,148.16 4 0
github.com/beliaevke/simpleKeeper/internal/proto/keeper_grpc.pb.go:148.16,150.3 1 0
github.com/beliaevke/simpleKeeper/internal/proto/keeper_grpc.pb.go:151.2,151.17 1 0
github.com/beliaevke/simpleKeeper/internal/proto/keeper_grpc.pb.go:154.139,158.16 4 0
github.com/beliaevke/simpleKeeper/internal/proto/keeper_grpc.pb.go:158.16,160.3 1 0
github.com/beliaevke/simpleKeeper/internal/proto/keeper_grpc.pb.go:161.2,161.17 1 0
github.com/beliaevke/simpleKeeper/internal/proto/keeper_grpc.pb.go:164.148,168.16 4 0
github.com/beliaevke/simpleKeeper/internal/proto/keeper_grpc.pb.go:168.16,170.3 1 0
github.com/beliaevke/simpleKeeper/internal/proto/keeper_grpc.pb.go:171.2,171.17 1 0
github.com/beliaevke/simpleKeeper/internal/proto/keeper_grpc.pb.go:174.148,178.16 4 0
github.com/beliaevke/simpleKeeper/internal/proto/keeper_grpc.pb.go:178.16,180.3 1 0
github.com/beliaevke/simpleKeeper/internal/proto/keeper_grpc.pb.go:181.2,181.17 1 0
github.com/beliaevke/simpleKeeper/internal/proto/keeper_grpc.pb.go:184.140,188.16 4 0
github.com/beliaevke/simpleKeeper/internal/proto/keeper_grpc.pb.go:188.16,190.3 1 0
github.com/beliaevke/simpleKeeper/internal/proto/keeper_grpc.pb.go:191.2,191.17 1 0
github.com/beliaevke/simpleKeeper/internal/proto/keeper_grpc.pb.go:221.93,223.2 1 0
github.com/beliaevke/simpleKeeper/internal/proto/keeper_grpc.pb.go:224.105,226.2 1 0
github.com/beliaevke/simpleKeeper/internal/proto/keeper_grpc.pb.go:227.96,229.2 1 0
github.com/beliaevke/simpleKeeper/internal/proto/keeper_grpc.pb.go:230.117,232.2 1 0
github.com/beliaevke/simpleKeeper/internal/proto/keeper_grpc.pb.go:233.108,235.2 1 0
github.com/beliaevke/simpleKeeper/internal/proto/keeper_grpc.pb.go:236.117,238.2 1 0
github.com/beliaevke/simpleKeeper/internal/proto/keeper_grpc.pb.go:239.117,241.2 1 0
github.com/beliaevke/simpleKeeper/internal/proto/keeper_grpc.pb.go:242.114,244.2 1 0
github.com/beliaevke/simpleKeeper/internal/proto/keeper_grpc.pb.go:245.117,247.2 1 0
github.com/beliaevke/simpleKeeper/internal/proto/keeper_grpc.pb.go:248.117,250.2 1 0
github.com/beliaevke/simpleKeeper/internal/proto/keeper_grpc.pb.go:251.126,253.2 1 0
github.com/beliaevke/simpleKeeper/internal/proto/keeper_grpc.pb.go:254.126,256.2 1 0
github.com/beliaevke/simpleKeeper/internal/proto/keeper_grpc.pb.go:257.118,259.2 1 0
github.com/beliaevke/simpleKeeper/internal/proto/keeper_grpc.pb.go:260.72,260.73 0 0
github.com/beliaevke/simpleKeeper/internal/proto/keeper_grpc.pb.go:261.72,261.73 0 0
github.com/beliaevke/simpleKeeper/internal/proto/keeper_grpc.pb.go:270.70,275.59 1 0
github.com/beliaevke/simpleKeeper/internal/proto/keeper_grpc.pb.go:275.59,277.3 1 0
github.com/beliaevke/simpleKeeper/internal/proto/keeper_grpc.pb.go:278.2,278.45 1 0
github.com/beliaevke/simpleKeeper/internal/proto/keeper_grpc.pb.go:281.156,283.32 2 0
github.com/beliaevke/simpleKeeper/internal/proto/keeper_grpc.pb.go:283.32,285.3 1 0
github.com/beliaevke/simpleKeeper/internal/proto/keeper_grpc.pb.go:286.2,286.24 1 0
github.com/beliaevke/simpleKeeper/internal/proto/keeper_grpc.pb.go:286.24,288.3 1 0
github.com/beliaevke/simpleKeeper/internal/proto/keeper_grpc.pb.go:289.2,293.77 2 0
github.com/beliaevke/simpleKeeper/internal/proto/keeper_grpc.pb.go:293.77,295.3 1 0
github.com/beliaevke/simpleKeeper/internal/proto/keeper_grpc.pb.go:296.2,296.44 1 0
github.com/beliaevke/simpleKeeper/internal/proto/keeper_grpc.pb.go:299.160,301.32 2 0
github.com/beliaevke/simpleKeeper/internal/proto/keeper_grpc.pb.go:301.32,303.3 1 0
github.com/beliaevke/simpleKeeper/internal/proto/keeper_grpc.pb.go:304.2,304.24 1 0
github.com/beliaevke/simpleKeeper/internal/proto/keeper_grpc.pb.go:304.24,306.3 1 0
github.com/beliaevke/simpleKeeper/internal/proto/keeper_grpc.pb.go:307.2,311.77 2 0
github.com/beliaevke/simpleKeeper/internal/proto/keeper_grpc.pb.go:311.77,313.3 1 0
github.com/beliaevke/simpleKeeper/internal/proto/keeper_grpc.pb.go:314.2,314.44 1 0
github.com/beliaevke/simpleKeeper/internal/proto/keeper_grpc.pb.go:317.157,319.32 2 0
github.com/beliaevke/simpleKeeper/internal/proto/keeper_grpc.pb.go:319.32,321.3 1 0
github.com/beliaevke/simpleKeeper/internal/proto/keeper_grpc.pb.go:322.2,322.24 1 0
github.com/beliaevke/simpleKeeper/internal/proto/keeper_grpc.pb.go:322.24,324.3 1 0
github.com/beliaevke/simpleKeeper/internal/proto/keeper_grpc.pb.go:325.2,329.77 2 0
github.com/beliaevke/simpleKeeper/internal/proto/keeper_grpc.pb.go:329.77,331.3 1 0
github.com/beliaevke/simpleKeeper/internal/proto/keeper_grpc.pb.go:332.2,332.44 1 0
github.com/beliaevke/simpleKeeper/internal/proto/keeper_grpc.pb.go:335.164,337.32 2 0
github.com/beliaevke/simpleKeeper/internal/proto/keeper_grpc.pb.go:337.32,339.3 1 0
github.com/beliaevke/simpleKeeper/internal/proto/keeper_grpc.pb.go:340.2,340.24 1 0
github.com/beliaevke/simpleKeeper/internal/proto/keeper_grpc.pb.go:340.24,342.3 1 0
github.com/beliaevke/simpleKeeper/internal/proto/keeper_grpc.pb.go:343.2,347.77 2 0
github.com/beliaevke/simpleKeeper/internal/proto/keeper_grpc.pb.go:347.77,349.3 1 0
github.com/beliaevke/simpleKeeper/internal/proto/keeper_grpc.pb.go:350.2,350.44 1 0
github.com/beliaevke/simpleKeeper/internal/proto/keeper_grpc.pb.go:353.161,355.32 2 0
github.com/beliaevke/simpleKeeper/internal/proto/keeper_grpc.pb.go:355.32,357.3 1 0
github.com/beliaevke/simpleKeeper/internal/proto/keeper_grpc.pb.go:358.2,358.24 1 0
github.com/beliaevke/simpleKeeper/internal/proto/keeper_grpc.pb.go:358.24,360.3 1 0
github.com/beliaevke/simpleKeeper/internal/proto/keeper_grpc.pb.go:361.2,365.77 2 0
github.com/beliaevke/simpleKeeper/internal/proto/keeper_grpc.pb.go:365.77,367.3 1 0
github.com/beliaevke/simpleKeeper/internal/proto/keeper_grpc.pb.go:368.2,368.44 1 0
github.com/beliaevke/simpleKeeper/internal/proto/keeper_grpc.pb.go:371.164,373.32 2 0
github.com/beliaevke/simpleKeeper/internal/proto/keeper_grpc.pb.go:373.32,375.3 1 0
github.com/beliaevke/simpleKeeper/internal/proto/keeper_grpc.pb.go:376.2,376.24 1 0
github.com/beliaevke/simpleKeeper/internal/proto/keeper_grpc.pb.go:376.24,378.3 1 0
github.com/beliaevke/simpleKeeper/internal/proto/keeper_grpc.pb.go:379.2,383.77 2 0
github.com/beliaevke/simpleKeeper/internal/proto/keeper_grpc.pb.go:383.77,385.3 1 0
github.com/beliaevke/simpleKeeper/internal/proto/keeper_grpc.pb.go:386.2,386.44 1 0
github.com/beliaevke/simpleKeeper/internal/proto/keeper_grpc.pb.go:389.164,391.32 2 0
github.com/beliaevke/simpleKeeper/internal/proto/keeper_grpc.pb.go:391.32,393.3 1 0
github.com/beliaevke/simpleKeeper/internal/proto/keeper_grpc.pb.go:394.2,394.24 1 0
github.com/beliaevke/simpleKeeper/internal/proto/keeper_grpc.pb.go:394.24,396.3 1 0
github.com/beliaevke/simpleKeeper/internal/proto/keeper_grpc.pb.go:397.2,401.77 2 0
github.com/beliaevke/simpleKeeper/internal/proto/keeper_grpc.pb.go:401.77,403.3 1 0
github.com/beliaevke/simpleKeeper/internal/proto/keeper_grpc.pb.go:404.2,404.44 1 0
github.com/beliaevke/simpleKeeper/internal/proto/keeper_grpc.pb.go:407.163,409.32 2 0
github.com/beliaevke/simpleKeeper/internal/proto/keeper_grpc.pb.go:409.32,411.3 1 0
github.com/beliaevke/simpleKeeper/internal/proto/keeper_grpc.pb.go:412.2,412.24 1 0
github.com/beliaevke/simpleKeeper/internal/proto/keeper_grpc.pb.go:412.24,414.3 1 0
github.com/beliaevke/simpleKeeper/internal/proto/keeper_grpc.pb.go:415.2,419.77 2 0
github.com/beliaevke/simpleKeeper/internal/proto/keeper_grpc.pb.go:419.77,421.3 1 0
github.com/beliaevke/simpleKeeper/internal/proto/keeper_grpc.pb.go:422.2,422.44 1 0
github.com/beliaevke/simpleKeeper/internal/proto/keeper_grpc.pb.go:425.164,427.32 2 0
github.com/beliaevke/simpleKeeper/internal/proto/keeper_grpc.pb.go:427.32,429.3 1 0
github.com/beliaevke/simpleKeeper/internal/proto/keeper_grpc.pb.go:430.2,430.24 1 0
github.com/beliaevke/simpleKeeper/internal/proto/keeper_grpc.pb.go:430.24,432.3 1 0
github.com/beliaevke/simpleKeeper/internal/proto/keeper_grpc.pb.go:433.2,437.77 2 0
github.com/beliaevke/simpleKeeper/internal/proto/keeper_grpc.pb.go:437.77,439.3 1 0
github.com/beliaevke/simpleKeeper/internal/proto/keeper_grpc.pb.go:440.2,440.44 1 0
github.com/beliaevke/simpleKeeper/internal/proto/keeper_grpc.pb.go:443.164,445.32 2 0
github.com/beliaevke/simpleKeeper/internal/proto/keeper_grpc.pb.go:445.32,447.3 1 0
github.com/beliaevke/simpleKeeper/internal/proto/keeper_grpc.pb.go:448.2,448.24 1 0
github.com/beliaevke/simpleKeeper/internal/proto/keeper_grpc.pb.go:448.24,450.3 1 0
github.com/beliaevke/simpleKeeper/internal/proto/keeper_grpc.pb.go:451.2,455.77 2 0
github.com/beliaevke/simpleKeeper/internal/proto/keeper_grpc.pb.go:455.77,457.3 1 0
github.com/beliaevke/simpleKeeper/internal/proto/keeper_grpc.pb.go:458.2,458.44 1 0
github.com/beliaevke/simpleKeeper/internal/proto/keeper_grpc.pb.go:461.167,463.32 2 0
github.com/beliaevke/simpleKeeper/internal/proto/keeper_grpc.pb.go:463.32,465.3 1 0
github.com/beliaevke/simpleKeeper/internal/proto/keeper_grpc.pb.go:466.2,466.24 1 0
github.com/beliaevke/simpleKeeper/internal/proto/keeper_grpc.pb.go:466.24,468.3 1 0
github.com/beliaevke/simpleKeeper/internal/proto/keeper_grpc.pb.go:469.2,473.77 2 0
github.com/beliaevke/simpleKeeper/internal/proto/keeper_grpc.pb.go:473.77,475.3 1 0
github.com/beliaevke/simpleKeeper/internal/proto/keeper_grpc.pb.go:476.2,476.44 1 0
github.com/beliaevke/simpleKeeper/internal/proto/keeper_grpc.pb.go:479.167,481.32 2 0
github.com/beliaevke/simpleKeeper/internal/proto/keeper_grpc.pb.go:481.32,483.3 1 0
github.com/beliaevke/simpleKeeper/internal/proto/keeper_grpc.pb.go:484.2,484.24 1 0
github.com/beliaevke/simpleKeeper/internal/proto/keeper_grpc.pb.go:484.24,486.3 1 0
github.com/beliaevke/simpleKeeper/internal/proto/keeper_grpc.pb.go:487.2,491.77 2 0
github.com/beliaevke/simpleKeeper/internal/proto/keeper_grpc.pb.go:491.77,493.3 1 0
github.com/beliaevke/simpleKeeper/internal/proto/keeper_grpc.pb.go:494.2,494.44 1 0
github.com/beliaevke/simpleKeeper/internal/proto/keeper_grpc.pb.go:497.165,499.32 2 0
github.com/beliaevke/simpleKeeper/internal/proto/keeper_grpc.pb.go:499.32,501.3 1 0
github.com/beliaevke/simpleKeeper/internal/proto/keeper_grpc.pb.go:502.2,502.24 1 0
github.com/beliaevke/simpleKeeper/internal/proto/keeper_grpc.pb.go:502.24,504.3 1 0
github.com/beliaevke/simpleKeeper/internal/proto/keeper_grpc.pb.go:505.2,509.77 2 0
github.com/beliaevke/simpleKeeper/internal/proto/keeper_grpc.pb.go:509.77,511.3 1 0
[...]
github.com/beliaevke/simpleKeeper/internal/proto/keeper_grpc.pb.go:104.130,108.16 4 0
github.com/beliaevke/simpleKeeper/internal/proto/keeper_grpc.pb.go:108.16,110.3 1 0
github.com/beliaevke/simpleKeeper/internal/proto/keeper_grpc.pb.go:111.2,111.17 1 0
github.com/beliaevke/simpleKeeper/internal/proto/keeper_grpc.pb.go:114.139,118.16 4 0
github.com/beliaevke/simpleKeeper/internal/proto/keeper_grpc.pb.go:118.16,120.3 1 0
github.com/beliaevke/simpleKeeper/internal/proto/keeper_grpc.pb.go:121.2,121.17 1 0
github.com/beliaevke/simpleKeeper/internal/proto/keeper_grpc.pb.go:124.139,128.16 4 0
github.com/beliaevke/simpleKeeper/internal/proto/keeper_grpc.pb.go:128.16,130.3 1 0
github.com/beliaevke/simpleKeeper/internal/proto/keeper_grpc.pb.go:131.2,131.17 1 0
github.com/beliaevke/simpleKeeper/internal/proto/keeper_grpc.pb.go:134.136,138.16 4 0
github.com/beliaevke/simpleKeeper/internal/proto/keeper_grpc.pb.go:138.16,140.3 1 0
github.com/beliaevke/simpleKeeper/internal/proto/keeper_grpc.pb.go:141.2,141.17 1 0
github.com/beliaevke/simpleKeeper/internal/proto/keeper_grpc.pb.go:144.139,148.16 4 0
github.com/beliaevke/simpleKeeper/internal/proto/keeper_grpc.pb.go:148.16,150.3 1 0
github.com/beliaevke/simpleKeeper/internal/proto/keeper_grpc.pb.go:151.2,151.17 1 0
github.com/beliaevke/simpleKeeper/internal/proto/keeper_grpc.pb.go:154.139,158.16 4 0
github.com/beliaevke/simpleKeeper/internal/proto/keeper_grpc.pb.go:158.16,160.3 1 0
github.com/beliaevke/simpleKeeper/internal/proto/keeper_grpc.pb.go:161.2,161.17 1 0
github.com/beliaevke/simpleKeeper/internal/proto/keeper_grpc.pb.go:164.148,168.16 4 0
github.com/beliaevke/simpleKeeper/internal/proto/keeper_grpc.pb.go:168.16,170.3 1 0
github.com/beliaevke/simpleKeeper/internal/proto/keeper_grpc.pb.go:171.2,171.17 1 0
github.com/beliaevke/simpleKeeper/internal/proto/keeper_grpc.pb.go:174.148,178.16 4 0
github.com/beliaevke/simpleKeeper/internal/proto/keeper_grpc.pb.go:178.16,180.3 1 0
github.com/beliaevke/simpleKeeper/internal/proto/keeper_grpc.pb.go:181.2,181.17 1 0
github.com/beliaevke/simpleKeeper/internal/proto/keeper_grpc.pb.go:184.140,188.16 4 0
github.com/beliaevke/simpleKeeper/internal/proto/keeper_grpc.pb.go:188.16,190.3 1 0
github.com/beliaevke/simpleKeeper/internal/proto/keeper_grpc.pb.go:191.2,191.17 1 0
github.com/beliaevke/simpleKeeper/internal/proto/keeper_grpc.pb.go:221.93,223.2 1 0
github.com/beliaevke/simpleKeeper/internal/proto/keeper_grpc.pb.go:224.105,226.2 1 0
github.com/beliaevke/simpleKeeper/internal/proto/keeper_grpc.pb.go:227.96,229.2 1 0
github.com/beliaevke/simpleKeeper/internal/proto/keeper_grpc.pb.go:230.117,232.2 1 0
github.com/beliaevke/simpleKeeper/internal/proto/keeper_grpc.pb.go:233.108,235.2 1 0
github.com/beliaevke/simpleKeeper/internal/proto/keeper_grpc.pb.go:236.117,238.2 1 0
github.com/beliaevke/simpleKeeper/internal/proto/keeper_grpc.pb.go:239.117,241.2 1 0
github.com/beliaevke/simpleKeeper/internal/proto/keeper_grpc.pb.go:242.114,244.2 1 0
github.com/beliaevke/simpleKeeper/internal/proto/keeper_grpc.pb.go:245.117,247.2 1 0
github.com/beliaevke/simpleKeeper/internal/proto/keeper_grpc.pb.go:248.117,250.2 1 0
github.com/beliaevke/simpleKeeper/internal/proto/keeper_grpc.pb.go:251.126,253.2 1 0
github.com/beliaevke/simpleKeeper/internal/proto/keeper_grpc.pb.go:254.126,256.2 1 0
github.com/beliaevke/simpleKeeper/internal/proto/keeper_grpc.pb.go:257.118,259.2 1 0
github.com/beliaevke/simpleKeeper/internal/proto/keeper_grpc.pb.go:260.72,260.73 0 0
github.com/beliaevke/simpleKeeper/internal/proto/keeper_grpc.pb.go:261.72,261.73 0 0
github.com/beliaevke/simpleKeeper/internal/proto/keeper_grpc.pb.go:270.70,275.59 1 0
github.com/beliaevke/simpleKeeper/internal/proto/keeper_grpc.pb.go:275.59,277.3 1 0
github.com/beliaevke/simpleKeeper/internal/proto/keeper_grpc.pb.go:278.2,278.45 1 0
github.com/beliaevke/simpleKeeper/internal/proto/keeper_grpc.pb.go:281.156,283.32 2 0
github.com/beliaevke/simpleKeeper/internal/proto/keeper_grpc.pb.go:283.32,285.3 1 0
github.com/beliaevke/simpleKeeper/internal/proto/keeper_grpc.pb.go:286.2,286.24 1 0
github.com/beliaevke/simpleKeeper/internal/proto/keeper_grpc.pb.go:286.24,288.3 1 0
github.com/beliaevke/simpleKeeper/internal/proto/keeper_grpc.pb.go:289.2,293.77 2 0
github.com/beliaevke/simpleKeeper/internal/proto/keeper_grpc.pb.go:293.77,295.3 1 0
github.com/beliaevke/simpleKeeper/internal/proto/keeper_grpc.pb.go:296.2,296.44 1 0
github.com/beliaevke/simpleKeeper/internal/proto/keeper_grpc.pb.go:299.160,301.32 2 0
github.com/beliaevke/simpleKeeper/internal/proto/keeper_grpc.pb.go:301.32,303.3 1 0
github.com/beliaevke/simpleKeeper/internal/proto/keeper_grpc.pb.go:304.2,304.24 1 0
github.com/beliaevke/simpleKeeper/internal/proto/keeper_grpc.pb.go:304.24,306.3 1 0
github.com/beliaevke/simpleKeeper/internal/proto/keeper_grpc.pb.go:307.2,311.77 2 0
github.com/beliaevke/simpleKeeper/internal/proto/keeper_grpc.pb.go:311.77,313.3 1 0
github.com/beliaevke/simpleKeeper/internal/proto/keeper_grpc.pb.go:314.2,314.44 1 0
github.com/beliaevke/simpleKeeper/internal/proto/keeper_grpc.pb.go:317.157,319.32 2 0
github.com/beliaevke/simpleKeeper/internal/proto/keeper_grpc.pb.go:319.32,321.3 1 0
github.com/beliaevke/simpleKeeper/internal/proto/keeper_grpc.pb.go:322.2,322.24 1 0
github.com/beliaevke/simpleKeeper/internal/proto/keeper_grpc.pb.go:322.24,324.3 1 0
github.com/beliaevke/simpleKeeper/internal/proto/keeper_grpc.pb.go:325.2,329.77 2 0
github.com/beliaevke/simpleKeeper/internal/proto/keeper_grpc.pb.go:329.77,331.3 1 0
github.com/beliaevke/simpleKeeper/internal/proto/keeper_grpc.pb.go:332.2,332.44 1 0
github.com/beliaevke/simpleKeeper/internal/proto/keeper_grpc.pb.go:335.164,337.32 2 0
github.com/beliaevke/simpleKeeper/internal/proto/keeper_grpc.pb.go:337.32,339.3 1 0
github.com/beliaevke/simpleKeeper/internal/proto/keeper_grpc.pb.go:340.2,340.24 1 0
github.com/beliaevke/simpleKeeper/internal/proto/keeper_grpc.pb.go:340.24,342.3 1 0
github.com/beliaevke/simpleKeeper/internal/proto/keeper_grpc.pb.go:343.2,347.77 2 0
github.com/beliaevke/simpleKeeper/internal/proto/keeper_grpc.pb.go:347.77,349.3 1 0
github.com/beliaevke/simpleKeeper/internal/proto/keeper_grpc.pb.go:350.2,350.44 1 0
github.com/beliaevke/simpleKeeper/internal/proto/keeper_grpc.pb.go:353.161,355.32 2 0
github.com/beliaevke/simpleKeeper/internal/proto/keeper_grpc.pb.go:355.32,357.3 1 0
github.com/beliaevke/simpleKeeper/internal/proto/keeper_grpc.pb.go:358.2,358.24 1 0
github.com/beliaevke/simpleKeeper/internal/proto/keeper_grpc.pb.go:358.24,360.3 1 0
github.com/beliaevke/simpleKeeper/internal/proto/keeper_grpc.pb.go:361.2,365.77 2 0
github.com/beliaevke/simpleKeeper/internal/proto/keeper_grpc.pb.go:365.77,367.3 1 0
github.com/beliaevke/simpleKeeper/internal/proto/keeper_grpc.pb.go:368.2,368.44 1 0
github.com/beliaevke/simpleKeeper/internal/proto/keeper_grpc.pb.go:371.164,373.32 2 0
github.com/beliaevke/simpleKeeper/internal/proto/keeper_grpc.pb.go:373.32,375.3 1 0
github.com/beliaevke/simpleKeeper/internal/proto/keeper_grpc.pb.go:376.2,376.24 1 0
github.com/beliaevke/simpleKeeper/internal/proto/keeper_grpc.pb.go:376.24,378.3 1 0
github.com/beliaevke/simpleKeeper/internal/proto/keeper_grpc.pb.go:379.2,383.77 2 0
github.com/beliaevke/simpleKeeper/internal/proto/keeper_grpc.pb.go:383.77,385.3 1 0
github.com/beliaevke/simpleKeeper/internal/proto/keeper_grpc.pb.go:386.2,386.44 1 0
github.com/beliaevke/simpleKeeper/internal/proto/keeper_grpc.pb.go:389.164,391.32 2 0
github.com/beliaevke/simpleKeeper/internal/proto/keeper_grpc.pb.go:391.32,393.3 1 0
github.com/beliaevke/simpleKeeper/internal/proto/keeper_grpc.pb.go:394.2,394.24 1 0
github.com/beliaevke/simpleKeeper/internal/proto/keeper_grpc.pb.go:394.24,396.3 1 0
github.com/beliaevke/simpleKeeper/internal/proto/keeper_grpc.pb.go:397.2,401.77 2 0
github.com/beliaevke/simpleKeeper/internal/proto/keeper_grpc.pb.go:401.77,403.3 1 0
github.com/beliaevke/simpleKeeper/internal/proto/keeper_grpc.pb.go:404.2,404.44 1 0
github.com/beliaevke/simpleKeeper/internal/proto/keeper_grpc.pb.go:407.163,409.32 2 0
github.com/beliaevke/simpleKeeper/internal/proto/keeper_grpc.pb.go:409.32,411.3 1 0
github.com/beliaevke/simpleKeeper/internal/proto/keeper_grpc.pb.go:412.2,412.24 1 0
github.com/beliaevke/simpleKeeper/internal/proto/keeper_grpc.pb.go:412.24,414.3 1 0
github.com/beliaevke/simpleKeeper/internal/proto/keeper_grpc.pb.go:415.2,419.77 2 0
github.com/beliaevke/simpleKeeper/internal/proto/keeper_grpc.pb.go:419.77,421.3 1 0
github.com/beliaevke/simpleKeeper/internal/proto/keeper_grpc.pb.go:422.2,422.44 1 0
github.com/beliaevke/simpleKeeper/internal/proto/keeper_grpc.pb.go:425.164,427.32 2 0
github.com/beliaevke/simpleKeeper/internal/proto/keeper_grpc.pb.go:427.32,429.3 1 0
github.com/beliaevke/simpleKeeper/internal/proto/keeper_grpc.pb.go:430.2,430.24 1 0
github.com/beliaevke/simpleKeeper/internal/proto/keeper_grpc.pb.go:430.24,432.3 1 0
github.com/beliaevke/simpleKeeper/internal/proto/keeper_grpc.pb.go:433.2,437.77 2 0
github.com/beliaevke/simpleKeeper/internal/proto/keeper_grpc.pb.go:437.77,439.3 1 0
github.com/beliaevke/simpleKeeper/internal/proto/keeper_grpc.pb.go:440.2,440.44 1 0
github.com/beliaevke/simpleKeeper/internal/proto/keeper_grpc.pb.go:443.164,445.32 2 0
github.com/beliaevke/simpleKeeper/internal/proto/keeper_grpc.pb.go:445.32,447.3 1 0
github.com/beliaevke/simpleKeeper/internal/proto/keeper_grpc.pb.go:448.2,448.24 1 0
github.com/beliaevke/simpleKeeper/internal/proto/keeper_grpc.pb.go:448.24,450.3 1 0
github.com/beliaevke/simpleKeeper/internal/proto/keeper_grpc.pb.go:451.2,455.77 2 0
github.com/beliaevke/simpleKeeper/internal/proto/keeper_grpc.pb.go:455.77,457.3 1 0
github.com/beliaevke/simpleKeeper/internal/proto/keeper_grpc.pb.go:458.2,458.44 1 0
github.com/beliaevke/simpleKeeper/internal/proto/keeper_grpc.pb.go:461.167,463.32 2 0
github.com/beliaevke/simpleKeeper/internal/proto/keeper_grpc.pb.go:463.32,465.3 1 0
github.com/beliaevke/simpleKeeper/internal/proto/keeper_grpc.pb.go:466.2,466.24 1 0
github.com/beliaevke/simpleKeeper/internal/proto/keeper_grpc.pb.go:466.24,468.3 1 0
github.com/beliaevke/simpleKeeper/internal/proto/keeper_grpc.pb.go:469.2,473.77 2 0
github.com/beliaevke/simpleKeeper/internal/proto/keeper_grpc.pb.go:473.77,475.3 1 0
github.com/beliaevke/simpleKeeper/internal/proto/keeper_grpc.pb.go:476.2,476.44 1 0
github.com/beliaevke/simpleKeeper/internal/proto/keeper_grpc.pb.go:479.167,481.32 2 0
github.com/beliaevke/simpleKeeper/internal/proto/keeper_grpc.pb.go:481.32,483.3 1 0
github.com/beliaevke/simpleKeeper/internal/proto/keeper_grpc.pb.go:484.2,484.24 1 0
github.com/beliaevke/simpleKeeper/internal/proto/keeper_grpc.pb.go:484.24,486.3 1 0
github.com/beliaevke/simpleKeeper/internal/proto/keeper_grpc.pb.go:487.2,491.77 2 0
github.com/beliaevke/simpleKeeper/internal/proto/keeper_grpc.pb.go:491.77,493.3 1 0
github.com/beliaevke/simpleKeeper/internal/proto/keeper_grpc.pb.go:494.2,494.44 1 0
github.com/beliaevke/simpleKeeper/internal/proto/keeper_grpc.pb.go:497.165,499.32 2 0
github.com/beliaevke/simpleKeeper/internal/proto/keeper_grpc.pb.go:499.32,501.3 1 0
github.com/beliaevke/simpleKeeper/internal/proto/keeper_grpc.pb.go:502.2,502.24 1 0
github.com/beliaevke/simpleKeeper/internal/proto/keeper_grpc.pb.go:502.24,504.3 1 0
github.com/beliaevke/simpleKeeper/internal/proto/keeper_grpc.pb.go:505.2,509.77 2 0
github.com/beliaevke/simpleKeeper/internal/proto/keeper_grpc.pb.go:509.77,511.3 1 0
github.com/beliaevke/simpleKeeper/internal/proto/keeper_grpc.pb.go:512.2,512.44 1 0
github.com/beliaevke/simpleKeeper/internal/service/service.go:36.47,40.16 3 0
github.com/beliaevke/simpleKeeper/internal/service/service.go:40.16,42.3 1 0
github.com/beliaevke/simpleKeeper/internal/service/service.go:44.2,44.15 1 0
github.com/beliaevke/simpleKeeper/internal/service/service.go:47.32,49.2 1 0
github.com/beliaevke/simpleKeeper/internal/service/service.go:51.44,55.2 1 0
github.com/beliaevke/simpleKeeper/internal/service/service.go:57.52,59.2 1 0
github.com/beliaevke/simpleKeeper/internal/service/service.go:61.46,65.2 3 0
github.com/beliaevke/simpleKeeper/internal/service/service.go:67.49,71.2 1 0
github.com/beliaevke/simpleKeeper/internal/service/service.go:73.65,78.2 1 0
github.com/beliaevke/simpleKeeper/server/main.go:11.13,15.34 2 0
github.com/beliaevke/simpleKeeper/server/main.go:15.34,17.3 1 0
github.com/beliaevke/simpleKeeper/server/app/app.go:42.23,48.2 2 0
github.com/beliaevke/simpleKeeper/server/app/app.go:50.29,55.16 3 0
github.com/beliaevke/simpleKeeper/server/app/app.go:55.16,58.3 2 0
github.com/beliaevke/simpleKeeper/server/app/app.go:60.2,60.53 1 0
github.com/beliaevke/simpleKeeper/server/app/app.go:60.53,62.3 1 0
github.com/beliaevke/simpleKeeper/server/app/app.go:64.2,68.16 3 0
github.com/beliaevke/simpleKeeper/server/app/app.go:68.16,71.3 2 0
github.com/beliaevke/simpleKeeper/server/app/app.go:73.2,78.16 3 0
github.com/beliaevke/simpleKeeper/server/app/app.go:78.16,81.3 2 0
github.com/beliaevke/simpleKeeper/server/app/app.go:82.2,89.12 5 0
github.com/beliaevke/simpleKeeper/server/app/app.go:89.12,90.56 1 0
github.com/beliaevke/simpleKeeper/server/app/app.go:90.56,92.4 1 0
github.com/beliaevke/simpleKeeper/server/app/app.go:96.2,107.12 4 0
github.com/beliaevke/simpleKeeper/server/app/app.go:107.12,118.3 4 0
github.com/beliaevke/simpleKeeper/server/app/app.go:121.2,128.12 3 0
github.com/beliaevke/simpleKeeper/server/app/app.go:132.95,134.2 1 0
github.com/beliaevke/simpleKeeper/server/app/app.go:136.146,138.53 2 0
github.com/beliaevke/simpleKeeper/server/app/app.go:138.53,140.26 2 0
github.com/beliaevke/simpleKeeper/server/app/app.go:140.26,142.4 1 0
github.com/beliaevke/simpleKeeper/server/app/app.go:143.3,144.24 2 0
github.com/beliaevke/simpleKeeper/server/app/app.go:144.24,146.4 1 0
github.com/beliaevke/simpleKeeper/server/app/app.go:148.2,148.24 1 0
github.com/beliaevke/simpleKeeper/server/app/app.go:148.24,150.17 2 0
github.com/beliaevke/simpleKeeper/server/app/app.go:150.17,152.4 1 0
github.com/beliaevke/simpleKeeper/server/app/app.go:152.9,152.22 1 0
github.com/beliaevke/simpleKeeper/server/app/app.go:152.22,154.4 1 0
github.com/beliaevke/simpleKeeper/server/app/app.go:157.2,157.26 1 0
github.com/beliaevke/simpleKeeper/server/app/app.go:160.119,173.16 7 0
github.com/beliaevke/simpleKeeper/server/app/app.go:173.16,175.3 1 0
github.com/beliaevke/simpleKeeper/server/app/app.go:177.2,179.23 2 0
github.com/beliaevke/simpleKeeper/server/app/app.go:182.119,191.16 6 0
github.com/beliaevke/simpleKeeper/server/app/app.go:191.16,193.3 1 0
github.com/beliaevke/simpleKeeper/server/app/app.go:195.2,197.23 2 0
github.com/beliaevke/simpleKeeper/server/app/app.go:200.120,213.16 7 0
github.com/beliaevke/simpleKeeper/server/app/app.go:213.16,215.3 1 0
github.com/beliaevke/simpleKeeper/server/app/app.go:217.2,219.23 2 0
github.com/beliaevke/simpleKeeper/server/app/app.go:222.128,235.16 7 0
github.com/beliaevke/simpleKeeper/server/app/app.go:235.16,237.3 1 0
github.com/beliaevke/simpleKeeper/server/app/app.go:239.2,241.23 2 0
github.com/beliaevke/simpleKeeper/server/app/app.go:244.128,253.16 6 0
github.com/beliaevke/simpleKeeper/server/app/app.go:253.16,255.3 1 0
github.com/beliaevke/simpleKeeper/server/app/app.go:257.2,259.23 2 0
github.com/beliaevke/simpleKeeper/server/app/app.go:262.98,276.16 7 0
github.com/beliaevke/simpleKeeper/server/app/app.go:276.16,279.3 2 0
github.com/beliaevke/simpleKeeper/server/app/app.go:280.2,280.18 1 0
github.com/beliaevke/simpleKeeper/server/app/app.go:280.18,283.3 2 0
github.com/beliaevke/simpleKeeper/server/app/app.go:284.2,285.16 2 0
github.com/beliaevke/simpleKeeper/server/app/app.go:285.16,288.3 2 0
github.com/beliaevke/simpleKeeper/server/app/app.go:290.2,292.23 2 0
github.com/beliaevke/simpleKeeper/server/app/app.go:295.107,309.16 7 0
github.com/beliaevke/simpleKeeper/server/app/app.go:309.16,312.3 2 0
github.com/beliaevke/simpleKeeper/server/app/app.go:313.2,313.18 1 0
github.com/beliaevke/simpleKeeper/server/app/app.go:313.18,316.3 2 0
github.com/beliaevke/simpleKeeper/server/app/app.go:317.2,318.16 2 0
github.com/beliaevke/simpleKeeper/server/app/app.go:318.16,321.3 2 0
github.com/beliaevke/simpleKeeper/server/app/app.go:322.2,323.16 2 0
github.com/beliaevke/simpleKeeper/server/app/app.go:323.16,326.3 2 0
github.com/beliaevke/simpleKeeper/server/app/app.go:328.2,330.23 2 0
github.com/beliaevke/simpleKeeper/server/app/app.go:333.119,350.16 7 0
github.com/beliaevke/simpleKeeper/server/app/app.go:350.16,353.3 2 0
github.com/beliaevke/simpleKeeper/server/app/app.go:354.2,354.20 1 0
github.com/beliaevke/simpleKeeper/server/app/app.go:354.20,357.3 2 0
github.com/beliaevke/simpleKeeper/server/app/app.go:358.2,359.16 2 0
github.com/beliaevke/simpleKeeper/server/app/app.go:359.16,362.3 2 0
github.com/beliaevke/simpleKeeper/server/app/app.go:364.2,364.23 1 0
github.com/beliaevke/simpleKeeper/server/app/app.go:367.110,382.16 7 0
github.com/beliaevke/simpleKeeper/server/app/app.go:382.16,385.3 2 0
github.com/beliaevke/simpleKeeper/server/app/app.go:387.2,387.22 1 0
github.com/beliaevke/simpleKeeper/server/app/app.go:390.119,405.16 7 0
github.com/beliaevke/simpleKeeper/server/app/app.go:405.16,408.3 2 0
github.com/beliaevke/simpleKeeper/server/app/app.go:410.2,410.22 1 0
github.com/beliaevke/simpleKeeper/server/app/app.go:413.116,423.16 7 0
github.com/beliaevke/simpleKeeper/server/app/app.go:423.16,426.3 2 0
github.com/beliaevke/simpleKeeper/server/app/app.go:428.2,428.23 1 0
github.com/beliaevke/simpleKeeper/server/cmd/syncs/syncs.go:22.40,24.2 1 0
github.com/beliaevke/simpleKeeper/server/cmd/secrets/secrets.go:22.40,24.2 1 0
github.com/beliaevke/simpleKeeper/server/cmd/users/users.go:25.59,28.16 2 0
github.com/beliaevke/simpleKeeper/server/cmd/users/users.go:28.16,30.3 1 0
github.com/beliaevke/simpleKeeper/server/cmd/users/users.go:32.2,39.16 3 0
github.com/beliaevke/simpleKeeper/server/cmd/users/users.go:39.16,41.3 1 0
github.com/beliaevke/simpleKeeper/server/cmd/users/users.go:43.2,43.65 1 0
github.com/beliaevke/simpleKeeper/server/cmd/users/users.go:46.73,47.83 1 0
github.com/beliaevke/simpleKeeper/server/cmd/users/users.go:47.83,49.58 1 0
github.com/beliaevke/simpleKeeper/server/cmd/users/users.go:49.58,51.4 1 0
github.com/beliaevke/simpleKeeper/server/cmd/users/users.go:52.3,53.17 2 0
github.com/beliaevke/simpleKeeper/server/cmd/users/users.go:53.17,55.4 1 0
github.com/beliaevke/simpleKeeper/server/cmd/users/users.go:56.3,56.18 1 0
github.com/beliaevke/simpleKeeper/server/cmd/users/users.go:59.2,59.16 1 0
github.com/beliaevke/simpleKeeper/server/cmd/users/users.go:59.16,61.3 1 0
github.com/beliaevke/simpleKeeper/server/cmd/users/users.go:64.2,64.67 1 0
github.com/beliaevke/simpleKeeper/server/cmd/users/users.go:64.67,66.43 1 0
github.com/beliaevke/simpleKeeper/server/cmd/users/users.go:66.43,67.31 1 0
github.com/beliaevke/simpleKeeper/server/cmd/users/users.go:67.31,69.5 1 0
github.com/beliaevke/simpleKeeper/server/cmd/users/users.go:70.9,70.57 1 0
github.com/beliaevke/simpleKeeper/server/cmd/users/users.go:70.57,72.31 2 0
github.com/beliaevke/simpleKeeper/server/cmd/users/users.go:72.31,74.5 1 0
github.com/beliaevke/simpleKeeper/server/cmd/users/users.go:76.3,76.19 1 0
github.com/beliaevke/simpleKeeper/server/cmd/users/users.go:79.2,79.43 1 0
github.com/beliaevke/simpleKeeper/server/cmd/users/users.go:82.40,84.2 1 0
github.com/beliaevke/simpleKeeper/server/config/flags.go:23.30,27.39 2 0
github.com/beliaevke/simpleKeeper/server/config/flags.go:27.39,29.3 1 0
github.com/beliaevke/simpleKeeper/server/config/flags.go:33.2,47.59 6 0
github.com/beliaevke/simpleKeeper/server/config/flags.go:47.59,49.3 1 0
github.com/beliaevke/simpleKeeper/server/config/flags.go:50.2,50.51 1 0
github.com/beliaevke/simpleKeeper/server/config/flags.go:50.51,52.3 1 0
github.com/beliaevke/simpleKeeper/server/config/flags.go:53.2,53.49 1 0
github.com/beliaevke/simpleKeeper/server/config/flags.go:53.49,55.3 1 0
github.com/beliaevke/simpleKeeper/server/config/flags.go:57.2,57.13 1 0
